#
# There is insufficient memory for the Java Runtime Environment to continue.
# Native memory allocation (malloc) failed to allocate 460176 bytes for Chunk::new
# Possible reasons:
#   The system is out of physical RAM or swap space
#   In 32 bit mode, the process size limit was hit
# Possible solutions:
#   Reduce memory load on the system
#   Increase physical memory or swap space
#   Check if swap backing store is full
#   Use 64 bit Java on a 64 bit OS
#   Decrease Java heap size (-Xmx/-Xms)
#   Decrease number of Java threads
#   Decrease Java thread stack sizes (-Xss)
#   Set larger code cache with -XX:ReservedCodeCacheSize=
# This output file may be truncated or incomplete.
#
#  Out of Memory Error (allocation.cpp:390), pid=5976, tid=0x0000000000002894
#
# JRE version: OpenJDK Runtime Environment (8.0_152-b01) (build 1.8.0_152-release-1343-b01)
# Java VM: OpenJDK 64-Bit Server VM (25.152-b01 mixed mode windows-amd64 compressed oops)
# Failed to write core dump. Minidumps are not enabled by default on client versions of Windows
#

---------------  T H R E A D  ---------------

Current thread (0x0000000016577800):  JavaThread "C2 CompilerThread0" daemon [_thread_in_native, id=10388, stack(0x0000000017be0000,0x0000000017ce0000)]

Stack: [0x0000000017be0000,0x0000000017ce0000]
[error occurred during error reporting (printing stack bounds), id 0xc0000005]

Native frames: (J=compiled Java code, j=interpreted, Vv=VM code, C=native code)


Current CompileTask:
C2: 115511 10882       4       com.android.tools.r8.org.objectweb.asm.ClassReader::readField (667 bytes)


---------------  P R O C E S S  ---------------

Java Threads: ( => current thread )
  0x000000001cb4a800 JavaThread "ForkJoinPool.commonPool-worker-2" daemon [_thread_in_native, id=5388, stack(0x0000000022f60000,0x0000000023060000)]
  0x000000001cb3f000 JavaThread "ForkJoinPool.commonPool-worker-1" daemon [_thread_in_native, id=6832, stack(0x000000001ac30000,0x000000001ad30000)]
  0x000000001cb45800 JavaThread "ForkJoinPool.commonPool-worker-0" daemon [_thread_in_Java, id=6632, stack(0x0000000000ff0000,0x00000000010f0000)]
  0x000000001cb40800 JavaThread "Cache worker for execution history cache (C:\Users\acer\Documents\smkcoding_online_project_2\MyInfoCovid\.gradle\5.1.1\executionHistory)" [_thread_blocked, id=5240, stack(0x0000000022a60000,0x0000000022b60000)]
  0x000000001cb41800 JavaThread "Execution worker for ':' Thread 3" [_thread_blocked, id=7280, stack(0x0000000022960000,0x0000000022a60000)]
  0x000000001cb40000 JavaThread "Execution worker for ':' Thread 2" [_thread_blocked, id=8668, stack(0x0000000022860000,0x0000000022960000)]
  0x000000001d339800 JavaThread "Execution worker for ':'" [_thread_blocked, id=10740, stack(0x0000000022760000,0x0000000022860000)]
  0x000000001d338000 JavaThread "Cache worker for file content cache (C:\Users\acer\Documents\smkcoding_online_project_2\MyInfoCovid\.gradle\5.1.1\fileContent)" [_thread_blocked, id=4688, stack(0x0000000022460000,0x0000000022560000)]
  0x000000001d334000 JavaThread "Cache worker for file content cache (C:\Users\acer\.gradle\caches\5.1.1\fileContent)" [_thread_blocked, id=6500, stack(0x0000000022360000,0x0000000022460000)]
  0x000000001d33a000 JavaThread "Memory manager" [_thread_blocked, id=2120, stack(0x0000000021b90000,0x0000000021c90000)]
  0x000000001d335000 JavaThread "Cache worker for Build Output Cleanup Cache (C:\Users\acer\Documents\smkcoding_online_project_2\MyInfoCovid\.gradle\buildOutputCleanup)" [_thread_blocked, id=10960, stack(0x0000000020680000,0x0000000020780000)]
  0x000000001d32b000 JavaThread "Build operations Thread 4" [_thread_blocked, id=988, stack(0x0000000020a90000,0x0000000020b90000)]
  0x000000001d332000 JavaThread "Build operations Thread 3" [_thread_blocked, id=8284, stack(0x0000000020990000,0x0000000020a90000)]
  0x000000001d331000 JavaThread "Build operations Thread 2" [_thread_blocked, id=3116, stack(0x0000000020890000,0x0000000020990000)]
  0x000000001d330800 JavaThread "Build operations" [_thread_blocked, id=5524, stack(0x0000000020790000,0x0000000020890000)]
  0x000000001d32f800 JavaThread "Cache worker for execution history cache (C:\Users\acer\.gradle\caches\5.1.1\executionHistory)" [_thread_blocked, id=9524, stack(0x0000000020180000,0x0000000020280000)]
  0x000000001d32f000 JavaThread "Cache worker for cache directory md-rule (C:\Users\acer\.gradle\caches\5.1.1\md-rule)" [_thread_blocked, id=8308, stack(0x0000000020080000,0x0000000020180000)]
  0x000000001d32c000 JavaThread "Cache worker for cache directory md-supplier (C:\Users\acer\.gradle\caches\5.1.1\md-supplier)" [_thread_blocked, id=10776, stack(0x000000001eaa0000,0x000000001eba0000)]
  0x00000000180bb000 JavaThread "Cache worker for file hash cache (C:\Users\acer\Documents\smkcoding_online_project_2\MyInfoCovid\.gradle\5.1.1\fileHashes)" [_thread_blocked, id=10832, stack(0x000000001fb80000,0x000000001fc80000)]
  0x00000000180c1000 JavaThread "Cache worker for journal cache (C:\Users\acer\.gradle\caches\journal-1)" [_thread_blocked, id=6428, stack(0x000000001b030000,0x000000001b130000)]
  0x00000000180ba000 JavaThread "File lock request listener" [_thread_in_native, id=2176, stack(0x000000001af30000,0x000000001b030000)]
  0x0000000019723000 JavaThread "Cache worker for file hash cache (C:\Users\acer\.gradle\caches\5.1.1\fileHashes)" [_thread_blocked, id=1452, stack(0x000000001ae30000,0x000000001af30000)]
  0x00000000195f8800 JavaThread "Thread-8" [_thread_blocked, id=7252, stack(0x000000001ad30000,0x000000001ae30000)]
  0x00000000195f6800 JavaThread "Asynchronous log dispatcher for DefaultDaemonConnection: socket connection from /127.0.0.1:52863 to /127.0.0.1:52864" [_thread_blocked, id=7872, stack(0x000000001ab30000,0x000000001ac30000)]
  0x00000000195f1800 JavaThread "Daemon worker" [_thread_blocked, id=4088, stack(0x000000001aa30000,0x000000001ab30000)]
  0x00000000194fd800 JavaThread "Cancel handler" [_thread_blocked, id=2300, stack(0x000000001a930000,0x000000001aa30000)]
  0x00000000195e4800 JavaThread "Handler for socket connection from /127.0.0.1:52863 to /127.0.0.1:52864" [_thread_in_native, id=8348, stack(0x000000001a630000,0x000000001a730000)]
  0x0000000019567000 JavaThread "Daemon" [_thread_blocked, id=768, stack(0x000000001a530000,0x000000001a630000)]
  0x0000000019561800 JavaThread "Daemon periodic checks" [_thread_blocked, id=4600, stack(0x000000001a430000,0x000000001a530000)]
  0x000000001955c800 JavaThread "Incoming local TCP Connector on port 52863" [_thread_in_native, id=8264, stack(0x000000001a1f0000,0x000000001a2f0000)]
  0x00000000165da800 JavaThread "Service Thread" daemon [_thread_blocked, id=5300, stack(0x00000000182e0000,0x00000000183e0000)]
  0x0000000016583000 JavaThread "C1 CompilerThread2" daemon [_thread_blocked, id=3620, stack(0x0000000017de0000,0x0000000017ee0000)]
  0x000000001657b000 JavaThread "C2 CompilerThread1" daemon [_thread_blocked, id=3572, stack(0x0000000017ce0000,0x0000000017de0000)]
=>0x0000000016577800 JavaThread "C2 CompilerThread0" daemon [_thread_in_native, id=10388, stack(0x0000000017be0000,0x0000000017ce0000)]
  0x0000000016585800 JavaThread "Attach Listener" daemon [_thread_blocked, id=7200, stack(0x0000000017ae0000,0x0000000017be0000)]
  0x0000000016584000 JavaThread "Signal Dispatcher" daemon [_thread_blocked, id=6092, stack(0x00000000179e0000,0x0000000017ae0000)]
  0x0000000002c0b000 JavaThread "Finalizer" daemon [_thread_blocked, id=9548, stack(0x00000000177e0000,0x00000000178e0000)]
  0x0000000002c00000 JavaThread "Reference Handler" daemon [_thread_blocked, id=3020, stack(0x00000000176e0000,0x00000000177e0000)]
  0x000000000297d800 JavaThread "main" [_thread_blocked, id=9492, stack(0x0000000002a10000,0x0000000002b10000)]

Other Threads:
  0x0000000016545800 VMThread [stack: 0x00000000175e0000,0x00000000176e0000] [id=6444]
  0x00000000165dc000 WatcherThread [stack: 0x00000000183e0000,0x00000000184e0000] [id=8680]

VM state:not at safepoint (normal execution)

VM Mutex/Monitor currently owned by a thread: None

Heap:
 PSYoungGen      total 231424K, used 128043K [0x00000000e0000000, 0x00000000efd80000, 0x0000000100000000)
  eden space 213504K, 53% used [0x00000000e0000000,0x00000000e7032bf8,0x00000000ed080000)
  from space 17920K, 73% used [0x00000000eec00000,0x00000000ef8d83e0,0x00000000efd80000)
  to   space 23040K, 0% used [0x00000000ed080000,0x00000000ed080000,0x00000000ee700000)
 ParOldGen       total 91136K, used 49099K [0x00000000a0000000, 0x00000000a5900000, 0x00000000e0000000)
  object space 91136K, 53% used [0x00000000a0000000,0x00000000a2ff2ea0,0x00000000a5900000)
 Metaspace       used 75172K, capacity 78450K, committed 78808K, reserved 1118208K
  class space    used 10033K, capacity 10644K, committed 10752K, reserved 1048576K

Card table byte_map: [0x0000000011fd0000,0x00000000122e0000] byte_map_base: 0x0000000011ad0000

Marking Bits: (ParMarkBitMap*) 0x00000000575f5aa0
 Begin Bits: [0x00000000128e0000, 0x00000000140e0000)
 End Bits:   [0x00000000140e0000, 0x00000000158e0000)

Polling page: 0x0000000002910000

CodeCache: size=245760Kb used=28935Kb max_used=28940Kb free=216824Kb
 bounds [0x0000000002c10000, 0x0000000004880000, 0x0000000011c10000]
 total_blobs=10276 nmethods=9437 adapters=752
 compilation: enabled

Compilation events (10 events):
Event: 115.320 Thread 0x0000000016583000 nmethod 10919 0x0000000004843150 code [0x00000000048432a0, 0x00000000048433b0]
Event: 115.332 Thread 0x000000001657b000 nmethod 10913 0x00000000048605d0 code [0x0000000004860720, 0x0000000004860ed8]
Event: 115.332 Thread 0x000000001657b000 10912       4       com.android.tools.r8.graph.DexString::countBytes (78 bytes)
Event: 115.337 Thread 0x000000001657b000 nmethod 10912 0x000000000485d350 code [0x000000000485d4a0, 0x000000000485d698]
Event: 115.337 Thread 0x000000001657b000 10920       4       com.android.tools.r8.org.objectweb.asm.ClassReader::readUTF (49 bytes)
Event: 115.348 Thread 0x0000000016583000 10924       3       com.android.tools.r8.it.unimi.dsi.fastutil.ints.IntArraySet::<init> (12 bytes)
Event: 115.349 Thread 0x0000000016583000 nmethod 10924 0x0000000004842b90 code [0x0000000004842d00, 0x0000000004842ff0]
Event: 115.350 Thread 0x0000000016583000 10925       3       com.android.tools.r8.it.unimi.dsi.fastutil.ints.Int2ReferenceOpenHashMap$EntryIterator::next (5 bytes)
Event: 115.351 Thread 0x0000000016583000 nmethod 10925 0x000000000485fed0 code [0x0000000004860060, 0x0000000004860428]
Event: 115.351 Thread 0x0000000016583000 10926       3       com.android.tools.r8.ir.optimize.PeepholeOptimizer::removeRedundantInstructions (335 bytes)

GC Heap History (10 events):
Event: 22.623 GC heap before
{Heap before GC invocations=15 (full 2):
 PSYoungGen      total 155136K, used 143394K [0x00000000e0000000, 0x00000000eb180000, 0x0000000100000000)
  eden space 143872K, 91% used [0x00000000e0000000,0x00000000e810dd20,0x00000000e8c80000)
  from space 11264K, 99% used [0x00000000ea680000,0x00000000eb17ab50,0x00000000eb180000)
  to   space 13824K, 0% used [0x00000000e9680000,0x00000000e9680000,0x00000000ea400000)
 ParOldGen       total 56320K, used 19458K [0x00000000a0000000, 0x00000000a3700000, 0x00000000e0000000)
  object space 56320K, 34% used [0x00000000a0000000,0x00000000a13008c8,0x00000000a3700000)
 Metaspace       used 57495K, capacity 58976K, committed 59096K, reserved 1099776K
  class space    used 7742K, capacity 8113K, committed 8192K, reserved 1048576K
Event: 22.664 GC heap after
Heap after GC invocations=15 (full 2):
 PSYoungGen      total 167936K, used 13665K [0x00000000e0000000, 0x00000000ed280000, 0x0000000100000000)
  eden space 154112K, 0% used [0x00000000e0000000,0x00000000e0000000,0x00000000e9680000)
  from space 13824K, 98% used [0x00000000e9680000,0x00000000ea3d85c8,0x00000000ea400000)
  to   space 15872K, 0% used [0x00000000ec300000,0x00000000ec300000,0x00000000ed280000)
 ParOldGen       total 56320K, used 26627K [0x00000000a0000000, 0x00000000a3700000, 0x00000000e0000000)
  object space 56320K, 47% used [0x00000000a0000000,0x00000000a1a00f30,0x00000000a3700000)
 Metaspace       used 57495K, capacity 58976K, committed 59096K, reserved 1099776K
  class space    used 7742K, capacity 8113K, committed 8192K, reserved 1048576K
}
Event: 22.664 GC heap before
{Heap before GC invocations=16 (full 3):
 PSYoungGen      total 167936K, used 13665K [0x00000000e0000000, 0x00000000ed280000, 0x0000000100000000)
  eden space 154112K, 0% used [0x00000000e0000000,0x00000000e0000000,0x00000000e9680000)
  from space 13824K, 98% used [0x00000000e9680000,0x00000000ea3d85c8,0x00000000ea400000)
  to   space 15872K, 0% used [0x00000000ec300000,0x00000000ec300000,0x00000000ed280000)
 ParOldGen       total 56320K, used 26627K [0x00000000a0000000, 0x00000000a3700000, 0x00000000e0000000)
  object space 56320K, 47% used [0x00000000a0000000,0x00000000a1a00f30,0x00000000a3700000)
 Metaspace       used 57495K, capacity 58976K, committed 59096K, reserved 1099776K
  class space    used 7742K, capacity 8113K, committed 8192K, reserved 1048576K
Event: 23.086 GC heap after
Heap after GC invocations=16 (full 3):
 PSYoungGen      total 167936K, used 0K [0x00000000e0000000, 0x00000000ed280000, 0x0000000100000000)
  eden space 154112K, 0% used [0x00000000e0000000,0x00000000e0000000,0x00000000e9680000)
  from space 13824K, 0% used [0x00000000e9680000,0x00000000e9680000,0x00000000ea400000)
  to   space 15872K, 0% used [0x00000000ec300000,0x00000000ec300000,0x00000000ed280000)
 ParOldGen       total 91136K, used 34480K [0x00000000a0000000, 0x00000000a5900000, 0x00000000e0000000)
  object space 91136K, 37% used [0x00000000a0000000,0x00000000a21ac118,0x00000000a5900000)
 Metaspace       used 57495K, capacity 58976K, committed 59096K, reserved 1099776K
  class space    used 7742K, capacity 8113K, committed 8192K, reserved 1048576K
}
Event: 30.625 GC heap before
{Heap before GC invocations=17 (full 3):
 PSYoungGen      total 167936K, used 154112K [0x00000000e0000000, 0x00000000ed280000, 0x0000000100000000)
  eden space 154112K, 100% used [0x00000000e0000000,0x00000000e9680000,0x00000000e9680000)
  from space 13824K, 0% used [0x00000000e9680000,0x00000000e9680000,0x00000000ea400000)
  to   space 15872K, 0% used [0x00000000ec300000,0x00000000ec300000,0x00000000ed280000)
 ParOldGen       total 91136K, used 34480K [0x00000000a0000000, 0x00000000a5900000, 0x00000000e0000000)
  object space 91136K, 37% used [0x00000000a0000000,0x00000000a21ac118,0x00000000a5900000)
 Metaspace       used 62698K, capacity 64696K, committed 64984K, reserved 1105920K
  class space    used 8437K, capacity 8865K, committed 8960K, reserved 1048576K
Event: 30.668 GC heap after
Heap after GC invocations=17 (full 3):
 PSYoungGen      total 197632K, used 14243K [0x00000000e0000000, 0x00000000ed780000, 0x0000000100000000)
  eden space 181760K, 0% used [0x00000000e0000000,0x00000000e0000000,0x00000000eb180000)
  from space 15872K, 89% used [0x00000000ec300000,0x00000000ed0e8f20,0x00000000ed280000)
  to   space 17920K, 0% used [0x00000000eb180000,0x00000000eb180000,0x00000000ec300000)
 ParOldGen       total 91136K, used 34488K [0x00000000a0000000, 0x00000000a5900000, 0x00000000e0000000)
  object space 91136K, 37% used [0x00000000a0000000,0x00000000a21ae118,0x00000000a5900000)
 Metaspace       used 62698K, capacity 64696K, committed 64984K, reserved 1105920K
  class space    used 8437K, capacity 8865K, committed 8960K, reserved 1048576K
}
Event: 38.204 GC heap before
{Heap before GC invocations=18 (full 3):
 PSYoungGen      total 197632K, used 196003K [0x00000000e0000000, 0x00000000ed780000, 0x0000000100000000)
  eden space 181760K, 100% used [0x00000000e0000000,0x00000000eb180000,0x00000000eb180000)
  from space 15872K, 89% used [0x00000000ec300000,0x00000000ed0e8f20,0x00000000ed280000)
  to   space 17920K, 0% used [0x00000000eb180000,0x00000000eb180000,0x00000000ec300000)
 ParOldGen       total 91136K, used 34488K [0x00000000a0000000, 0x00000000a5900000, 0x00000000e0000000)
  object space 91136K, 37% used [0x00000000a0000000,0x00000000a21ae118,0x00000000a5900000)
 Metaspace       used 65853K, capacity 67974K, committed 68184K, reserved 1107968K
  class space    used 8855K, capacity 9318K, committed 9344K, reserved 1048576K
Event: 38.332 GC heap after
Heap after GC invocations=18 (full 3):
 PSYoungGen      total 199680K, used 17896K [0x00000000e0000000, 0x00000000f0280000, 0x0000000100000000)
  eden space 181760K, 0% used [0x00000000e0000000,0x00000000e0000000,0x00000000eb180000)
  from space 17920K, 99% used [0x00000000eb180000,0x00000000ec2fa050,0x00000000ec300000)
  to   space 23040K, 0% used [0x00000000eec00000,0x00000000eec00000,0x00000000f0280000)
 ParOldGen       total 91136K, used 40896K [0x00000000a0000000, 0x00000000a5900000, 0x00000000e0000000)
  object space 91136K, 44% used [0x00000000a0000000,0x00000000a27f00f0,0x00000000a5900000)
 Metaspace       used 65853K, capacity 67974K, committed 68184K, reserved 1107968K
  class space    used 8855K, capacity 9318K, committed 9344K, reserved 1048576K
}
Event: 54.479 GC heap before
{Heap before GC invocations=19 (full 3):
 PSYoungGen      total 199680K, used 199656K [0x00000000e0000000, 0x00000000f0280000, 0x0000000100000000)
  eden space 181760K, 100% used [0x00000000e0000000,0x00000000eb180000,0x00000000eb180000)
  from space 17920K, 99% used [0x00000000eb180000,0x00000000ec2fa050,0x00000000ec300000)
  to   space 23040K, 0% used [0x00000000eec00000,0x00000000eec00000,0x00000000f0280000)
 ParOldGen       total 91136K, used 40896K [0x00000000a0000000, 0x00000000a5900000, 0x00000000e0000000)
  object space 91136K, 44% used [0x00000000a0000000,0x00000000a27f00f0,0x00000000a5900000)
 Metaspace       used 67387K, capacity 69624K, committed 69848K, reserved 1110016K
  class space    used 9020K, capacity 9471K, committed 9472K, reserved 1048576K
Event: 54.532 GC heap after
Heap after GC invocations=19 (full 3):
 PSYoungGen      total 231424K, used 13152K [0x00000000e0000000, 0x00000000efd80000, 0x0000000100000000)
  eden space 213504K, 0% used [0x00000000e0000000,0x00000000e0000000,0x00000000ed080000)
  from space 17920K, 73% used [0x00000000eec00000,0x00000000ef8d83e0,0x00000000efd80000)
  to   space 23040K, 0% used [0x00000000ed080000,0x00000000ed080000,0x00000000ee700000)
 ParOldGen       total 91136K, used 49099K [0x00000000a0000000, 0x00000000a5900000, 0x00000000e0000000)
  object space 91136K, 53% used [0x00000000a0000000,0x00000000a2ff2ea0,0x00000000a5900000)
 Metaspace       used 67387K, capacity 69624K, committed 69848K, reserved 1110016K
  class space    used 9020K, capacity 9471K, committed 9472K, reserved 1048576K
}

Deoptimization events (10 events):
Event: 113.855 Thread 0x000000001cb3f000 Uncommon trap: reason=bimorphic action=maybe_recompile pc=0x00000000040e67cc method=java.util.Collections$SetFromMap.contains(Ljava/lang/Object;)Z @ 5
Event: 114.379 Thread 0x000000001cb4a800 Uncommon trap: reason=unstable_if action=reinterpret pc=0x00000000047ac4fc method=java.util.IdentityHashMap.containsKey(Ljava/lang/Object;)Z @ 31
Event: 114.379 Thread 0x000000001cb45800 Uncommon trap: reason=unstable_if action=reinterpret pc=0x00000000047ac4fc method=java.util.IdentityHashMap.containsKey(Ljava/lang/Object;)Z @ 31
Event: 114.379 Thread 0x000000001cb3f000 Uncommon trap: reason=unstable_if action=reinterpret pc=0x00000000047ac4fc method=java.util.IdentityHashMap.containsKey(Ljava/lang/Object;)Z @ 31
Event: 114.500 Thread 0x000000001cb3f000 Uncommon trap: reason=unstable_if action=reinterpret pc=0x00000000047d0630 method=com.android.tools.r8.it.unimi.dsi.fastutil.objects.Reference2IntLinkedOpenHashMap.insert(Ljava/lang/Object;I)I @ 213
Event: 115.215 Thread 0x000000001cb45800 Uncommon trap: reason=bimorphic action=maybe_recompile pc=0x00000000044fe7f4 method=java.util.regex.Pattern$Begin.match(Ljava/util/regex/Matcher;ILjava/lang/CharSequence;)Z @ 30
Event: 115.262 Thread 0x000000001cb45800 Uncommon trap: reason=unstable_if action=reinterpret pc=0x00000000046265b0 method=com.android.tools.r8.org.objectweb.asm.ClassReader.readUTF(II[C)Ljava/lang/String; @ 41
Event: 115.262 Thread 0x000000001cb45800 Uncommon trap: reason=unstable_if action=reinterpret pc=0x00000000046061f0 method=com.android.tools.r8.graph.DexString.countBytes(Ljava/lang/String;)I @ 19
Event: 115.265 Thread 0x000000001cb45800 Uncommon trap: reason=unstable_if action=reinterpret pc=0x000000000461e100 method=com.android.tools.r8.org.objectweb.asm.ClassReader.readUTF(II[C)Ljava/lang/String; @ 41
Event: 115.265 Thread 0x000000001cb45800 Uncommon trap: reason=unstable_if action=reinterpret pc=0x0000000003c65390 method=com.android.tools.r8.graph.DexString.countBytes(Ljava/lang/String;)I @ 19

Classes redefined (0 events):
No events

Internal exceptions (10 events):
Event: 115.174 Thread 0x000000001cb4a800 Exception <a 'sun/nio/fs/WindowsException'> (0x00000000e6387ec8) thrown at [D:\src\AOSP-openjdk-cygwin\jdk8u\hotspot\src\share\vm\prims\jni.cpp, line 709]
Event: 115.174 Thread 0x000000001cb3f000 Exception <a 'sun/nio/fs/WindowsException'> (0x00000000e63d2c88) thrown at [D:\src\AOSP-openjdk-cygwin\jdk8u\hotspot\src\share\vm\prims\jni.cpp, line 709]
Event: 115.204 Thread 0x000000001cb45800 Exception <a 'sun/nio/fs/WindowsException'> (0x00000000e64634c8) thrown at [D:\src\AOSP-openjdk-cygwin\jdk8u\hotspot\src\share\vm\prims\jni.cpp, line 709]
Event: 115.208 Thread 0x000000001cb45800 Exception <a 'sun/nio/fs/WindowsException'> (0x00000000e6468608) thrown at [D:\src\AOSP-openjdk-cygwin\jdk8u\hotspot\src\share\vm\prims\jni.cpp, line 709]
Event: 115.216 Thread 0x000000001cb3f000 Exception <a 'sun/nio/fs/WindowsException'> (0x00000000e6418088) thrown at [D:\src\AOSP-openjdk-cygwin\jdk8u\hotspot\src\share\vm\prims\jni.cpp, line 709]
Event: 115.218 Thread 0x000000001cb4a800 Exception <a 'sun/nio/fs/WindowsException'> (0x00000000e63ce110) thrown at [D:\src\AOSP-openjdk-cygwin\jdk8u\hotspot\src\share\vm\prims\jni.cpp, line 709]
Event: 115.223 Thread 0x000000001cb3f000 Exception <a 'sun/nio/fs/WindowsException'> (0x00000000e641d2b0) thrown at [D:\src\AOSP-openjdk-cygwin\jdk8u\hotspot\src\share\vm\prims\jni.cpp, line 709]
Event: 115.227 Thread 0x000000001cb4a800 Exception <a 'sun/nio/fs/WindowsException'> (0x00000000e65c6278) thrown at [D:\src\AOSP-openjdk-cygwin\jdk8u\hotspot\src\share\vm\prims\jni.cpp, line 709]
Event: 115.232 Thread 0x000000001cb3f000 Exception <a 'sun/nio/fs/WindowsException'> (0x00000000e6656a38) thrown at [D:\src\AOSP-openjdk-cygwin\jdk8u\hotspot\src\share\vm\prims\jni.cpp, line 709]
Event: 115.250 Thread 0x000000001cb45800 Exception <a 'sun/nio/fs/WindowsException'> (0x00000000e67ba3b8) thrown at [D:\src\AOSP-openjdk-cygwin\jdk8u\hotspot\src\share\vm\prims\jni.cpp, line 709]

Events (10 events):
Event: 115.262 Thread 0x000000001cb45800 DEOPT UNPACKING pc=0x0000000002c5557b sp=0x00000000010edee8 mode 2
Event: 115.262 Thread 0x000000001cb45800 Uncommon trap: trap_request=0xffffff65 fr.pc=0x00000000046061f0
Event: 115.262 Thread 0x000000001cb45800 DEOPT PACKING pc=0x00000000046061f0 sp=0x00000000010edd90
Event: 115.262 Thread 0x000000001cb45800 DEOPT UNPACKING pc=0x0000000002c5557b sp=0x00000000010edcc0 mode 2
Event: 115.265 Thread 0x000000001cb45800 Uncommon trap: trap_request=0xffffff65 fr.pc=0x000000000461e100
Event: 115.265 Thread 0x000000001cb45800 DEOPT PACKING pc=0x000000000461e100 sp=0x00000000010edf40
Event: 115.265 Thread 0x000000001cb45800 DEOPT UNPACKING pc=0x0000000002c5557b sp=0x00000000010edee0 mode 2
Event: 115.265 Thread 0x000000001cb45800 Uncommon trap: trap_request=0xffffff65 fr.pc=0x0000000003c65390
Event: 115.265 Thread 0x000000001cb45800 DEOPT PACKING pc=0x0000000003c65390 sp=0x00000000010edd10
Event: 115.265 Thread 0x000000001cb45800 DEOPT UNPACKING pc=0x0000000002c5557b sp=0x00000000010edcb0 mode 2


Dynamic libraries:
0x00007ff6577e0000 - 0x00007ff657811000 	C:\Program Files\Android\Android Studio\jre\bin\java.exe
0x00007ffa9aba0000 - 0x00007ffa9ad90000 	C:\WINDOWS\SYSTEM32\ntdll.dll
0x00007ffa9a160000 - 0x00007ffa9a212000 	C:\WINDOWS\System32\KERNEL32.DLL
0x00007ffa982e0000 - 0x00007ffa98583000 	C:\WINDOWS\System32\KERNELBASE.dll
0x00007ffa98c50000 - 0x00007ffa98cf3000 	C:\WINDOWS\System32\ADVAPI32.dll
0x00007ffa98db0000 - 0x00007ffa98e4e000 	C:\WINDOWS\System32\msvcrt.dll
0x00007ffa996c0000 - 0x00007ffa99757000 	C:\WINDOWS\System32\sechost.dll
0x00007ffa99aa0000 - 0x00007ffa99bc0000 	C:\WINDOWS\System32\RPCRT4.dll
0x00007ffa99370000 - 0x00007ffa99504000 	C:\WINDOWS\System32\USER32.dll
0x00007ffa98680000 - 0x00007ffa986a1000 	C:\WINDOWS\System32\win32u.dll
0x00007ffa98d00000 - 0x00007ffa98d26000 	C:\WINDOWS\System32\GDI32.dll
0x00007ffa98850000 - 0x00007ffa989e4000 	C:\WINDOWS\System32\gdi32full.dll
0x00007ffa98590000 - 0x00007ffa9862e000 	C:\WINDOWS\System32\msvcp_win.dll
0x00007ffa986d0000 - 0x00007ffa987ca000 	C:\WINDOWS\System32\ucrtbase.dll
0x00007ffa87530000 - 0x00007ffa877b5000 	C:\WINDOWS\WinSxS\amd64_microsoft.windows.common-controls_6595b64144ccf1df_6.0.18362.778_none_e6c6b761130d4fb8\COMCTL32.dll
0x00007ffa99760000 - 0x00007ffa99a96000 	C:\WINDOWS\System32\combase.dll
0x00007ffa987d0000 - 0x00007ffa98850000 	C:\WINDOWS\System32\bcryptPrimitives.dll
0x00007ffa9a2b0000 - 0x00007ffa9a2de000 	C:\WINDOWS\System32\IMM32.DLL
0x0000000057ea0000 - 0x0000000057f72000 	C:\Program Files\Android\Android Studio\jre\jre\bin\msvcr100.dll
0x0000000056e30000 - 0x0000000057671000 	C:\Program Files\Android\Android Studio\jre\jre\bin\server\jvm.dll
0x00007ffa9a220000 - 0x00007ffa9a228000 	C:\WINDOWS\System32\PSAPI.DLL
0x00007ffa8cd20000 - 0x00007ffa8cd29000 	C:\WINDOWS\SYSTEM32\WSOCK32.dll
0x00007ffa9a2e0000 - 0x00007ffa9a34f000 	C:\WINDOWS\System32\WS2_32.dll
0x00007ffa95b00000 - 0x00007ffa95b24000 	C:\WINDOWS\SYSTEM32\WINMM.dll
0x00007ffa8da60000 - 0x00007ffa8da6a000 	C:\WINDOWS\SYSTEM32\VERSION.dll
0x00007ffa95ad0000 - 0x00007ffa95afd000 	C:\WINDOWS\SYSTEM32\WINMMBASE.dll
0x00007ffa98630000 - 0x00007ffa9867a000 	C:\WINDOWS\System32\cfgmgr32.dll
0x00007ffa8ca60000 - 0x00007ffa8ca6f000 	C:\Program Files\Android\Android Studio\jre\jre\bin\verify.dll
0x00007ffa84fa0000 - 0x00007ffa84fc9000 	C:\Program Files\Android\Android Studio\jre\jre\bin\java.dll
0x00007ffa837d0000 - 0x00007ffa837e6000 	C:\Program Files\Android\Android Studio\jre\jre\bin\zip.dll
0x00007ffa9a3c0000 - 0x00007ffa9aaa5000 	C:\WINDOWS\System32\SHELL32.dll
0x00007ffa9aab0000 - 0x00007ffa9ab59000 	C:\WINDOWS\System32\shcore.dll
0x00007ffa97b60000 - 0x00007ffa982e0000 	C:\WINDOWS\System32\windows.storage.dll
0x00007ffa97b00000 - 0x00007ffa97b23000 	C:\WINDOWS\System32\profapi.dll
0x00007ffa97a70000 - 0x00007ffa97aba000 	C:\WINDOWS\System32\powrprof.dll
0x00007ffa97a60000 - 0x00007ffa97a70000 	C:\WINDOWS\System32\UMPDC.dll
0x00007ffa99510000 - 0x00007ffa99562000 	C:\WINDOWS\System32\shlwapi.dll
0x00007ffa97ae0000 - 0x00007ffa97af1000 	C:\WINDOWS\System32\kernel.appcore.dll
0x00007ffa986b0000 - 0x00007ffa986c7000 	C:\WINDOWS\System32\cryptsp.dll
0x00007ffa809d0000 - 0x00007ffa809ea000 	C:\Program Files\Android\Android Studio\jre\jre\bin\net.dll
0x00007ffa972d0000 - 0x00007ffa97337000 	C:\WINDOWS\system32\mswsock.dll
0x00007ffa7cbe0000 - 0x00007ffa7cbf1000 	C:\Program Files\Android\Android Studio\jre\jre\bin\nio.dll
0x00007ffa91560000 - 0x00007ffa9157e000 	C:\Users\acer\.gradle\native\25\windows-amd64\native-platform.dll
0x00007ffa8c310000 - 0x00007ffa8c31d000 	C:\Program Files\Android\Android Studio\jre\jre\bin\management.dll
0x00007ffa96e40000 - 0x00007ffa96e73000 	C:\WINDOWS\system32\rsaenh.dll
0x00007ffa97b30000 - 0x00007ffa97b56000 	C:\WINDOWS\System32\bcrypt.dll
0x00007ffa97980000 - 0x00007ffa979a5000 	C:\WINDOWS\SYSTEM32\USERENV.dll
0x00007ffa974a0000 - 0x00007ffa974ac000 	C:\WINDOWS\SYSTEM32\CRYPTBASE.dll
0x00007ffa96fe0000 - 0x00007ffa9701a000 	C:\WINDOWS\SYSTEM32\IPHLPAPI.DLL
0x00007ffa9a230000 - 0x00007ffa9a238000 	C:\WINDOWS\System32\NSI.dll
0x00007ffa8f260000 - 0x00007ffa8f276000 	C:\WINDOWS\SYSTEM32\dhcpcsvc6.DLL
0x00007ffa8f330000 - 0x00007ffa8f34c000 	C:\WINDOWS\SYSTEM32\dhcpcsvc.DLL
0x00007ffa97020000 - 0x00007ffa970ea000 	C:\WINDOWS\SYSTEM32\DNSAPI.dll
0x00007ffa96ac0000 - 0x00007ffa96af1000 	C:\WINDOWS\SYSTEM32\ntmarta.dll

VM Arguments:
jvm_args: -Xmx1536m -Dfile.encoding=windows-1252 -Duser.country=US -Duser.language=en -Duser.variant 
java_command: org.gradle.launcher.daemon.bootstrap.GradleDaemon 5.1.1
java_class_path (initial): C:\Users\acer\.gradle\wrapper\dists\gradle-5.1.1-all\97z1ksx6lirer3kbvdnh7jtjg\gradle-5.1.1\lib\gradle-launcher-5.1.1.jar
Launcher Type: SUN_STANDARD

Environment Variables:
PATH=C:\WINDOWS\system32;C:\WINDOWS;C:\WINDOWS\System32\Wbem;C:\WINDOWS\System32\WindowsPowerShell\v1.0\;C:\WINDOWS\System32\OpenSSH\;C:\Program Files\Git\cmd;C:\xampp\php;C:\ProgramData\ComposerSetup\bin;C:\Users\acer\AppData\Local\Microsoft\WindowsApps;C:\Users\acer\AppData\Roaming\Composer\vendor\bin;C:\Users\acer\AppData\Local\Programs\Microsoft VS Code\bin
USERNAME=acer
OS=Windows_NT
PROCESSOR_IDENTIFIER=Intel64 Family 6 Model 37 Stepping 5, GenuineIntel



---------------  S Y S T E M  ---------------

OS: Windows 10.0 , 64 bit Build 18362 (10.0.18362.778)

CPU:total 4 (initial active 4) (2 cores per cpu, 2 threads per core) family 6 model 37 stepping 5, cmov, cx8, fxsr, mmx, sse, sse2, sse3, ssse3, sse4.1, sse4.2, popcnt, ht, tsc, tscinvbit

Memory: 4k page, physical 4905840k(308568k free), swap 5954416k(3500k free)

vm_info: OpenJDK 64-Bit Server VM (25.152-b01) for windows-amd64 JRE (1.8.0_152-release-1343-b01), built by "builder" with MS VC++ 10.0 (VS2010)

time: Wed May 13 08:17:22 2020
elapsed time: 115 seconds (0d 0h 1m 55s)

