#
# There is insufficient memory for the Java Runtime Environment to continue.
# Native memory allocation (malloc) failed to allocate 1756656 bytes for Chunk::new
# Possible reasons:
#   The system is out of physical RAM or swap space
#   In 32 bit mode, the process size limit was hit
# Possible solutions:
#   Reduce memory load on the system
#   Increase physical memory or swap space
#   Check if swap backing store is full
#   Use 64 bit Java on a 64 bit OS
#   Decrease Java heap size (-Xmx/-Xms)
#   Decrease number of Java threads
#   Decrease Java thread stack sizes (-Xss)
#   Set larger code cache with -XX:ReservedCodeCacheSize=
# This output file may be truncated or incomplete.
#
#  Out of Memory Error (allocation.cpp:390), pid=4856, tid=0x0000000000000290
#
# JRE version: OpenJDK Runtime Environment (8.0_152-b01) (build 1.8.0_152-release-1343-b01)
# Java VM: OpenJDK 64-Bit Server VM (25.152-b01 mixed mode windows-amd64 compressed oops)
# Failed to write core dump. Minidumps are not enabled by default on client versions of Windows
#

---------------  T H R E A D  ---------------

Current thread (0x0000000015f7e000):  JavaThread "C2 CompilerThread1" daemon [_thread_in_native, id=656, stack(0x00000000176d0000,0x00000000177d0000)]

Stack: [0x00000000176d0000,0x00000000177d0000]
[error occurred during error reporting (printing stack bounds), id 0xc0000005]

Native frames: (J=compiled Java code, j=interpreted, Vv=VM code, C=native code)


Current CompileTask:
C2:3934464 18482       4       org.objectweb.asm.ClassReader::readCode (5089 bytes)


---------------  P R O C E S S  ---------------

Java Threads: ( => current thread )
  0x000000001d5e8800 JavaThread "RMI TCP Connection(2)-127.0.0.1" daemon [_thread_in_native, id=7404, stack(0x0000000026b30000,0x0000000026c30000)]
  0x000000001d5e7000 JavaThread "RMI Reaper" [_thread_blocked, id=10812, stack(0x0000000026a30000,0x0000000026b30000)]
  0x000000001d5e6000 JavaThread "RMI TCP Accept-0" daemon [_thread_in_native, id=11064, stack(0x0000000026930000,0x0000000026a30000)]
  0x000000001d5e9000 JavaThread "GC Daemon" daemon [_thread_blocked, id=5976, stack(0x0000000026730000,0x0000000026830000)]
  0x000000001d5e4800 JavaThread "RMI RenewClean-[127.0.0.1:17149,org.jetbrains.kotlin.daemon.common.LoopbackNetworkInterface$ClientLoopbackSocketFactory@7b3bbd89]" daemon [_thread_blocked, id=9016, stack(0x0000000026630000,0x0000000026730000)]
  0x000000001d5e7800 JavaThread "RMI Scheduler(0)" daemon [_thread_blocked, id=7880, stack(0x0000000026530000,0x0000000026630000)]
  0x000000001d5dd000 JavaThread "stdout" [_thread_in_native, id=9004, stack(0x0000000026430000,0x0000000026530000)]
  0x000000001d5e4000 JavaThread "stderr" [_thread_in_native, id=1180, stack(0x0000000026330000,0x0000000026430000)]
  0x000000001d5de800 JavaThread "pool-23-thread-1" [_thread_blocked, id=8900, stack(0x0000000026230000,0x0000000026330000)]
  0x000000001d5e0000 JavaThread "Cache worker for execution history cache (C:\Users\acer\Documents\smkcoding_online_project_2\MyInfoCovid\.gradle\5.1.1\executionHistory)" [_thread_blocked, id=1592, stack(0x0000000026000000,0x0000000026100000)]
  0x000000001d5de000 JavaThread "Execution worker for ':' Thread 3" [_thread_blocked, id=1236, stack(0x0000000025f00000,0x0000000026000000)]
  0x000000001d5df800 JavaThread "Execution worker for ':' Thread 2" [_thread_blocked, id=7580, stack(0x0000000025e00000,0x0000000025f00000)]
  0x000000001d5e3000 JavaThread "Execution worker for ':'" [_thread_blocked, id=10520, stack(0x0000000025900000,0x0000000025a00000)]
  0x000000001d5e2800 JavaThread "Cache worker for file content cache (C:\Users\acer\Documents\smkcoding_online_project_2\MyInfoCovid\.gradle\5.1.1\fileContent)" [_thread_blocked, id=9308, stack(0x0000000024590000,0x0000000024690000)]
  0x000000001d5e1800 JavaThread "Cache worker for Build Output Cleanup Cache (C:\Users\acer\Documents\smkcoding_online_project_2\MyInfoCovid\.gradle\buildOutputCleanup)" [_thread_blocked, id=9792, stack(0x0000000023dd0000,0x0000000023ed0000)]
  0x000000001cf62800 JavaThread "Build operations Thread 4" [_thread_blocked, id=11012, stack(0x00000000239d0000,0x0000000023ad0000)]
  0x000000001cf62000 JavaThread "Build operations Thread 3" [_thread_blocked, id=8908, stack(0x0000000020fe0000,0x00000000210e0000)]
  0x000000001cf61000 JavaThread "Build operations Thread 2" [_thread_blocked, id=9660, stack(0x0000000020ee0000,0x0000000020fe0000)]
  0x000000001cf64000 JavaThread "Build operations" [_thread_blocked, id=3832, stack(0x0000000020de0000,0x0000000020ee0000)]
  0x000000001cf67000 JavaThread "Cache worker for cache directory md-rule (C:\Users\acer\.gradle\caches\5.1.1\md-rule)" [_thread_blocked, id=10108, stack(0x0000000020080000,0x0000000020180000)]
  0x000000001cf65800 JavaThread "Cache worker for cache directory md-supplier (C:\Users\acer\.gradle\caches\5.1.1\md-supplier)" [_thread_blocked, id=4900, stack(0x000000001ff80000,0x0000000020080000)]
  0x000000001cf65000 JavaThread "Cache worker for file hash cache (C:\Users\acer\Documents\smkcoding_online_project_2\MyInfoCovid\.gradle\5.1.1\fileHashes)" [_thread_blocked, id=7124, stack(0x000000001f980000,0x000000001fa80000)]
  0x000000001cf66800 JavaThread "Thread-240" [_thread_blocked, id=5560, stack(0x000000001f880000,0x000000001f980000)]
  0x000000001cf5f000 JavaThread "Stdin handler" [_thread_blocked, id=7152, stack(0x000000001ccc0000,0x000000001cdc0000)]
  0x000000001cf5c800 JavaThread "Asynchronous log dispatcher for DefaultDaemonConnection: socket connection from /127.0.0.1:52108 to /127.0.0.1:52819" [_thread_blocked, id=9436, stack(0x000000001a720000,0x000000001a820000)]
  0x000000001cf59800 JavaThread "Daemon worker Thread 4" [_thread_in_native, id=9580, stack(0x000000001a420000,0x000000001a520000)]
  0x000000001cf59000 JavaThread "Cancel handler" [_thread_blocked, id=10420, stack(0x000000001a320000,0x000000001a420000)]
  0x000000001cf5e000 JavaThread "Handler for socket connection from /127.0.0.1:52108 to /127.0.0.1:52819" [_thread_in_native, id=4464, stack(0x000000001a020000,0x000000001a120000)]
  0x000000001cf58000 JavaThread "Daemon Thread 4" [_thread_blocked, id=2376, stack(0x0000000019f20000,0x000000001a020000)]
  0x000000001d5eb800 JavaThread "Cache worker for file content cache (C:\Users\acer\.gradle\caches\5.1.1\fileContent)" [_thread_blocked, id=5640, stack(0x0000000023cd0000,0x0000000023dd0000)]
  0x000000001cf60800 JavaThread "Memory manager" [_thread_blocked, id=1584, stack(0x00000000232d0000,0x00000000233d0000)]
  0x000000001853f800 JavaThread "Cache worker for execution history cache (C:\Users\acer\.gradle\caches\5.1.1\executionHistory)" [_thread_blocked, id=3844, stack(0x000000001fa80000,0x000000001fb80000)]
  0x0000000018541800 JavaThread "Cache worker for journal cache (C:\Users\acer\.gradle\caches\journal-1)" [_thread_blocked, id=4372, stack(0x000000001aa20000,0x000000001ab20000)]
  0x0000000017a8f000 JavaThread "File lock request listener" [_thread_in_native, id=652, stack(0x000000001a920000,0x000000001aa20000)]
  0x0000000018193000 JavaThread "Cache worker for file hash cache (C:\Users\acer\.gradle\caches\5.1.1\fileHashes)" [_thread_blocked, id=68, stack(0x000000001a820000,0x000000001a920000)]
  0x0000000018e5f000 JavaThread "Daemon periodic checks" [_thread_blocked, id=11180, stack(0x0000000019e20000,0x0000000019f20000)]
  0x0000000018ebc000 JavaThread "Incoming local TCP Connector on port 52108" [_thread_in_native, id=9180, stack(0x0000000019be0000,0x0000000019ce0000)]
  0x00000000178f8800 JavaThread "Service Thread" daemon [_thread_blocked, id=2840, stack(0x0000000017cd0000,0x0000000017dd0000)]
  0x0000000015f88000 JavaThread "C1 CompilerThread2" daemon [_thread_blocked, id=10580, stack(0x00000000177d0000,0x00000000178d0000)]
=>0x0000000015f7e000 JavaThread "C2 CompilerThread1" daemon [_thread_in_native, id=656, stack(0x00000000176d0000,0x00000000177d0000)]
  0x0000000015f78000 JavaThread "C2 CompilerThread0" daemon [_thread_in_native, id=7112, stack(0x00000000175d0000,0x00000000176d0000)]
  0x0000000015f85800 JavaThread "Attach Listener" daemon [_thread_blocked, id=5384, stack(0x00000000174d0000,0x00000000175d0000)]
  0x0000000015f84000 JavaThread "Signal Dispatcher" daemon [_thread_blocked, id=4480, stack(0x00000000173d0000,0x00000000174d0000)]
  0x000000000260b000 JavaThread "Finalizer" daemon [_thread_blocked, id=8392, stack(0x00000000171d0000,0x00000000172d0000)]
  0x0000000002600000 JavaThread "Reference Handler" daemon [_thread_blocked, id=5424, stack(0x00000000170d0000,0x00000000171d0000)]
  0x000000000237d800 JavaThread "main" [_thread_blocked, id=10252, stack(0x0000000002410000,0x0000000002510000)]

Other Threads:
  0x0000000015f45800 VMThread [stack: 0x0000000016fd0000,0x00000000170d0000] [id=3520]
  0x0000000015fde000 WatcherThread [stack: 0x0000000017dd0000,0x0000000017ed0000] [id=11024]

VM state:not at safepoint (normal execution)

VM Mutex/Monitor currently owned by a thread: None

Heap:
 PSYoungGen      total 186880K, used 31711K [0x00000000e0000000, 0x00000000ee080000, 0x0000000100000000)
  eden space 156160K, 19% used [0x00000000e0000000,0x00000000e1d97e70,0x00000000e9880000)
  from space 30720K, 4% used [0x00000000eb800000,0x00000000eb960000,0x00000000ed600000)
  to   space 32256K, 0% used [0x00000000e9880000,0x00000000e9880000,0x00000000eb800000)
 ParOldGen       total 104448K, used 48092K [0x00000000a0000000, 0x00000000a6600000, 0x00000000e0000000)
  object space 104448K, 46% used [0x00000000a0000000,0x00000000a2ef7188,0x00000000a6600000)
 Metaspace       used 85314K, capacity 88643K, committed 95400K, reserved 1132544K
  class space    used 10768K, capacity 11426K, committed 12712K, reserved 1048576K

Card table byte_map: [0x00000000119d0000,0x0000000011ce0000] byte_map_base: 0x00000000114d0000

Marking Bits: (ParMarkBitMap*) 0x00000000575f5aa0
 Begin Bits: [0x00000000122e0000, 0x0000000013ae0000)
 End Bits:   [0x0000000013ae0000, 0x00000000152e0000)

Polling page: 0x0000000000a50000

CodeCache: size=245760Kb used=52324Kb max_used=52370Kb free=193435Kb
 bounds [0x0000000002610000, 0x0000000005990000, 0x0000000011610000]
 total_blobs=15726 nmethods=14840 adapters=799
 compilation: enabled

Compilation events (10 events):
Event: 3933.942 Thread 0x0000000015f88000 18486       2       java.util.logging.Logger::accessCheckedHandlers (14 bytes)
Event: 3933.944 Thread 0x0000000015f88000 nmethod 18486 0x0000000002816910 code [0x0000000002816a80, 0x0000000002816c48]
Event: 3933.946 Thread 0x0000000015f88000 18487       2       java.util.concurrent.CopyOnWriteArrayList::toArray (47 bytes)
Event: 3933.947 Thread 0x0000000015f88000 nmethod 18487 0x0000000003771f10 code [0x0000000003772080, 0x00000000037723d8]
Event: 3933.994 Thread 0x0000000015f7e000 nmethod 18479 0x000000000597cb50 code [0x000000000597cea0, 0x000000000597e5d8]
Event: 3933.996 Thread 0x0000000015f7e000 18482       4       org.objectweb.asm.ClassReader::readCode (5089 bytes)
Event: 3934.026 Thread 0x0000000015f78000 nmethod 18421 0x0000000005981150 code [0x0000000005981660, 0x0000000005984ef8]
Event: 3934.028 Thread 0x0000000015f78000 18484       4       org.objectweb.asm.ClassReader::<init> (367 bytes)
Event: 3934.040 Thread 0x0000000015f78000 nmethod 18484 0x0000000002dfa6d0 code [0x0000000002dfa900, 0x0000000002dfae78]
Event: 3934.044 Thread 0x0000000015f78000 18485       4       org.objectweb.asm.ClassReader::accept (1250 bytes)

GC Heap History (10 events):
Event: 3680.806 GC heap before
{Heap before GC invocations=26 (full 3):
 PSYoungGen      total 187904K, used 187762K [0x00000000e0000000, 0x00000000ee680000, 0x0000000100000000)
  eden space 168960K, 100% used [0x00000000e0000000,0x00000000ea500000,0x00000000ea500000)
  from space 18944K, 99% used [0x00000000ed400000,0x00000000ee65cb30,0x00000000ee680000)
  to   space 31744K, 0% used [0x00000000ea880000,0x00000000ea880000,0x00000000ec780000)
 ParOldGen       total 104448K, used 64881K [0x00000000a0000000, 0x00000000a6600000, 0x00000000e0000000)
  object space 104448K, 62% used [0x00000000a0000000,0x00000000a3f5c630,0x00000000a6600000)
 Metaspace       used 89717K, capacity 94479K, committed 94760K, reserved 1132544K
  class space    used 11509K, capacity 12534K, committed 12584K, reserved 1048576K
Event: 3680.869 GC heap after
Heap after GC invocations=26 (full 3):
 PSYoungGen      total 181760K, used 18181K [0x00000000e0000000, 0x00000000edb80000, 0x0000000100000000)
  eden space 163328K, 0% used [0x00000000e0000000,0x00000000e0000000,0x00000000e9f80000)
  from space 18432K, 98% used [0x00000000ea880000,0x00000000eba41408,0x00000000eba80000)
  to   space 30720K, 0% used [0x00000000ebd80000,0x00000000ebd80000,0x00000000edb80000)
 ParOldGen       total 104448K, used 64889K [0x00000000a0000000, 0x00000000a6600000, 0x00000000e0000000)
  object space 104448K, 62% used [0x00000000a0000000,0x00000000a3f5e630,0x00000000a6600000)
 Metaspace       used 89717K, capacity 94479K, committed 94760K, reserved 1132544K
  class space    used 11509K, capacity 12534K, committed 12584K, reserved 1048576K
}
Event: 3692.453 GC heap before
{Heap before GC invocations=27 (full 3):
 PSYoungGen      total 181760K, used 181509K [0x00000000e0000000, 0x00000000edb80000, 0x0000000100000000)
  eden space 163328K, 100% used [0x00000000e0000000,0x00000000e9f80000,0x00000000e9f80000)
  from space 18432K, 98% used [0x00000000ea880000,0x00000000eba41408,0x00000000eba80000)
  to   space 30720K, 0% used [0x00000000ebd80000,0x00000000ebd80000,0x00000000edb80000)
 ParOldGen       total 104448K, used 64889K [0x00000000a0000000, 0x00000000a6600000, 0x00000000e0000000)
  object space 104448K, 62% used [0x00000000a0000000,0x00000000a3f5e630,0x00000000a6600000)
 Metaspace       used 89901K, capacity 94691K, committed 95016K, reserved 1132544K
  class space    used 11514K, capacity 12536K, committed 12584K, reserved 1048576K
Event: 3692.570 GC heap after
Heap after GC invocations=27 (full 3):
 PSYoungGen      total 184832K, used 22347K [0x00000000e0000000, 0x00000000ed800000, 0x0000000100000000)
  eden space 157696K, 0% used [0x00000000e0000000,0x00000000e0000000,0x00000000e9a00000)
  from space 27136K, 82% used [0x00000000ebd80000,0x00000000ed352c98,0x00000000ed800000)
  to   space 31744K, 0% used [0x00000000e9a00000,0x00000000e9a00000,0x00000000eb900000)
 ParOldGen       total 104448K, used 64897K [0x00000000a0000000, 0x00000000a6600000, 0x00000000e0000000)
  object space 104448K, 62% used [0x00000000a0000000,0x00000000a3f60630,0x00000000a6600000)
 Metaspace       used 89901K, capacity 94691K, committed 95016K, reserved 1132544K
  class space    used 11514K, capacity 12536K, committed 12584K, reserved 1048576K
}
Event: 3886.211 GC heap before
{Heap before GC invocations=28 (full 3):
 PSYoungGen      total 184832K, used 162304K [0x00000000e0000000, 0x00000000ed800000, 0x0000000100000000)
  eden space 157696K, 88% used [0x00000000e0000000,0x00000000e88ad598,0x00000000e9a00000)
  from space 27136K, 82% used [0x00000000ebd80000,0x00000000ed352c98,0x00000000ed800000)
  to   space 31744K, 0% used [0x00000000e9a00000,0x00000000e9a00000,0x00000000eb900000)
 ParOldGen       total 104448K, used 64897K [0x00000000a0000000, 0x00000000a6600000, 0x00000000e0000000)
  object space 104448K, 62% used [0x00000000a0000000,0x00000000a3f60630,0x00000000a6600000)
 Metaspace       used 90453K, capacity 95279K, committed 95400K, reserved 1132544K
  class space    used 11572K, capacity 12596K, committed 12712K, reserved 1048576K
Event: 3886.260 GC heap after
Heap after GC invocations=28 (full 3):
 PSYoungGen      total 176128K, used 17957K [0x00000000e0000000, 0x00000000ed600000, 0x0000000100000000)
  eden space 157696K, 0% used [0x00000000e0000000,0x00000000e0000000,0x00000000e9a00000)
  from space 18432K, 97% used [0x00000000e9a00000,0x00000000eab89438,0x00000000eac00000)
  to   space 30720K, 0% used [0x00000000eb800000,0x00000000eb800000,0x00000000ed600000)
 ParOldGen       total 104448K, used 64905K [0x00000000a0000000, 0x00000000a6600000, 0x00000000e0000000)
  object space 104448K, 62% used [0x00000000a0000000,0x00000000a3f62630,0x00000000a6600000)
 Metaspace       used 90453K, capacity 95279K, committed 95400K, reserved 1132544K
  class space    used 11572K, capacity 12596K, committed 12712K, reserved 1048576K
}
Event: 3886.261 GC heap before
{Heap before GC invocations=29 (full 4):
 PSYoungGen      total 176128K, used 17957K [0x00000000e0000000, 0x00000000ed600000, 0x0000000100000000)
  eden space 157696K, 0% used [0x00000000e0000000,0x00000000e0000000,0x00000000e9a00000)
  from space 18432K, 97% used [0x00000000e9a00000,0x00000000eab89438,0x00000000eac00000)
  to   space 30720K, 0% used [0x00000000eb800000,0x00000000eb800000,0x00000000ed600000)
 ParOldGen       total 104448K, used 64905K [0x00000000a0000000, 0x00000000a6600000, 0x00000000e0000000)
  object space 104448K, 62% used [0x00000000a0000000,0x00000000a3f62630,0x00000000a6600000)
 Metaspace       used 90453K, capacity 95279K, committed 95400K, reserved 1132544K
  class space    used 11572K, capacity 12596K, committed 12712K, reserved 1048576K
Event: 3891.632 GC heap after
Heap after GC invocations=29 (full 4):
 PSYoungGen      total 176128K, used 0K [0x00000000e0000000, 0x00000000ed600000, 0x0000000100000000)
  eden space 157696K, 0% used [0x00000000e0000000,0x00000000e0000000,0x00000000e9a00000)
  from space 18432K, 0% used [0x00000000e9a00000,0x00000000e9a00000,0x00000000eac00000)
  to   space 30720K, 0% used [0x00000000eb800000,0x00000000eb800000,0x00000000ed600000)
 ParOldGen       total 104448K, used 48084K [0x00000000a0000000, 0x00000000a6600000, 0x00000000e0000000)
  object space 104448K, 46% used [0x00000000a0000000,0x00000000a2ef5188,0x00000000a6600000)
 Metaspace       used 84792K, capacity 88003K, committed 95400K, reserved 1132544K
  class space    used 10692K, capacity 11302K, committed 12712K, reserved 1048576K
}
Event: 3933.908 GC heap before
{Heap before GC invocations=30 (full 4):
 PSYoungGen      total 176128K, used 157696K [0x00000000e0000000, 0x00000000ed600000, 0x0000000100000000)
  eden space 157696K, 100% used [0x00000000e0000000,0x00000000e9a00000,0x00000000e9a00000)
  from space 18432K, 0% used [0x00000000e9a00000,0x00000000e9a00000,0x00000000eac00000)
  to   space 30720K, 0% used [0x00000000eb800000,0x00000000eb800000,0x00000000ed600000)
 ParOldGen       total 104448K, used 48084K [0x00000000a0000000, 0x00000000a6600000, 0x00000000e0000000)
  object space 104448K, 46% used [0x00000000a0000000,0x00000000a2ef5188,0x00000000a6600000)
 Metaspace       used 85311K, capacity 88643K, committed 95400K, reserved 1132544K
  class space    used 10767K, capacity 11426K, committed 12712K, reserved 1048576K
Event: 3933.921 GC heap after
Heap after GC invocations=30 (full 4):
 PSYoungGen      total 186880K, used 1408K [0x00000000e0000000, 0x00000000ee080000, 0x0000000100000000)
  eden space 156160K, 0% used [0x00000000e0000000,0x00000000e0000000,0x00000000e9880000)
  from space 30720K, 4% used [0x00000000eb800000,0x00000000eb960000,0x00000000ed600000)
  to   space 32256K, 0% used [0x00000000e9880000,0x00000000e9880000,0x00000000eb800000)
 ParOldGen       total 104448K, used 48092K [0x00000000a0000000, 0x00000000a6600000, 0x00000000e0000000)
  object space 104448K, 46% used [0x00000000a0000000,0x00000000a2ef7188,0x00000000a6600000)
 Metaspace       used 85311K, capacity 88643K, committed 95400K, reserved 1132544K
  class space    used 10767K, capacity 11426K, committed 12712K, reserved 1048576K
}

Deoptimization events (10 events):
Event: 3933.177 Thread 0x000000001cf59800 Uncommon trap: reason=unstable_if action=reinterpret pc=0x0000000002b81d54 method=org.objectweb.asm.ByteVector.putUTF8(Ljava/lang/String;)Lorg/objectweb/asm/ByteVector; @ 100
Event: 3933.177 Thread 0x000000001cf59800 Uncommon trap: reason=unstable_if action=reinterpret pc=0x00000000029e12b4 method=org.objectweb.asm.ByteVector.putUTF8(Ljava/lang/String;)Lorg/objectweb/asm/ByteVector; @ 100
Event: 3933.629 Thread 0x000000001cf59800 Uncommon trap: reason=unstable_if action=reinterpret pc=0x000000000591be54 method=org.objectweb.asm.ClassReader.readMethod(Lorg/objectweb/asm/ClassVisitor;Lorg/objectweb/asm/Context;I)I @ 316
Event: 3933.841 Thread 0x000000001cf59800 Uncommon trap: reason=bimorphic action=maybe_recompile pc=0x000000000593fa20 method=org.objectweb.asm.ClassReader.readCode(Lorg/objectweb/asm/MethodVisitor;Lorg/objectweb/asm/Context;I)V @ 3875
Event: 3933.841 Thread 0x000000001cf59800 Uncommon trap: reason=bimorphic action=maybe_recompile pc=0x000000000593fa20 method=org.objectweb.asm.ClassReader.readCode(Lorg/objectweb/asm/MethodVisitor;Lorg/objectweb/asm/Context;I)V @ 3875
Event: 3933.853 Thread 0x000000001cf59800 Uncommon trap: reason=class_check action=maybe_recompile pc=0x000000000593f040 method=org.objectweb.asm.ClassReader.readCode(Lorg/objectweb/asm/MethodVisitor;Lorg/objectweb/asm/Context;I)V @ 3856
Event: 3933.860 Thread 0x000000001cf59800 Uncommon trap: reason=class_check action=maybe_recompile pc=0x000000000593f040 method=org.objectweb.asm.ClassReader.readCode(Lorg/objectweb/asm/MethodVisitor;Lorg/objectweb/asm/Context;I)V @ 3856
Event: 3933.872 Thread 0x000000001cf59800 Uncommon trap: reason=class_check action=maybe_recompile pc=0x000000000593f040 method=org.objectweb.asm.ClassReader.readCode(Lorg/objectweb/asm/MethodVisitor;Lorg/objectweb/asm/Context;I)V @ 3856
Event: 3933.928 Thread 0x000000001cf59800 Uncommon trap: reason=bimorphic action=maybe_recompile pc=0x000000000593fa20 method=org.objectweb.asm.ClassReader.readCode(Lorg/objectweb/asm/MethodVisitor;Lorg/objectweb/asm/Context;I)V @ 3875
Event: 3933.928 Thread 0x000000001cf59800 Uncommon trap: reason=bimorphic action=maybe_recompile pc=0x000000000593fa20 method=org.objectweb.asm.ClassReader.readCode(Lorg/objectweb/asm/MethodVisitor;Lorg/objectweb/asm/Context;I)V @ 3875

Classes redefined (0 events):
No events

Internal exceptions (10 events):
Event: 3911.841 Thread 0x000000001d5de000 Exception <a 'java/lang/NoSuchMethodError': <clinit>> (0x00000000e01d6978) thrown at [D:\src\AOSP-openjdk-cygwin\jdk8u\hotspot\src\share\vm\prims\jni.cpp, line 1613]
Event: 3911.896 Thread 0x000000001d5de000 Exception <a 'java/lang/NoSuchMethodError': <clinit>> (0x00000000e02f52d0) thrown at [D:\src\AOSP-openjdk-cygwin\jdk8u\hotspot\src\share\vm\prims\jni.cpp, line 1613]
Event: 3911.919 Thread 0x000000001d5de000 Exception <a 'java/lang/NoSuchMethodError': <clinit>> (0x00000000e0395000) thrown at [D:\src\AOSP-openjdk-cygwin\jdk8u\hotspot\src\share\vm\prims\jni.cpp, line 1613]
Event: 3913.791 Thread 0x000000001d5e4800 Exception <a 'java/net/ConnectException': Connection refused: connect> (0x00000000e0070228) thrown at [D:\src\AOSP-openjdk-cygwin\jdk8u\hotspot\src\share\vm\prims\jni.cpp, line 735]
Event: 3915.810 Thread 0x000000001d5e4800 Exception <a 'java/net/ConnectException': Connection refused: connect> (0x00000000e0070b20) thrown at [D:\src\AOSP-openjdk-cygwin\jdk8u\hotspot\src\share\vm\prims\jni.cpp, line 735]
Event: 3929.908 Thread 0x000000001d5e4800 Exception <a 'java/net/ConnectException': Connection refused: connect> (0x00000000e0072c50) thrown at [D:\src\AOSP-openjdk-cygwin\jdk8u\hotspot\src\share\vm\prims\jni.cpp, line 735]
Event: 3931.896 Thread 0x000000001d5de000 Exception <a 'sun/nio/fs/WindowsException'> (0x00000000e084a4b8) thrown at [D:\src\AOSP-openjdk-cygwin\jdk8u\hotspot\src\share\vm\prims\jni.cpp, line 709]
Event: 3931.931 Thread 0x000000001d5e4800 Exception <a 'java/net/ConnectException': Connection refused: connect> (0x00000000e0073548) thrown at [D:\src\AOSP-openjdk-cygwin\jdk8u\hotspot\src\share\vm\prims\jni.cpp, line 735]
Event: 3932.093 Thread 0x000000001cf59800 Implicit null exception at 0x000000000402b373 to 0x000000000402bffd
Event: 3934.007 Thread 0x000000001d5e4800 Exception <a 'java/net/ConnectException': Connection refused: connect> (0x00000000e0b9e168) thrown at [D:\src\AOSP-openjdk-cygwin\jdk8u\hotspot\src\share\vm\prims\jni.cpp, line 735]

Events (10 events):
Event: 3933.974 Thread 0x000000001cf59800 DEOPT UNPACKING pc=0x00000000026571d0 sp=0x000000001a51a668 mode 0
Event: 3933.995 Thread 0x0000000015f7e000 flushing nmethod 0x0000000002f87a50
Event: 3933.996 Thread 0x0000000015f7e000 flushing nmethod 0x0000000003070050
Event: 3934.034 Thread 0x000000001cf59800 DEOPT PACKING pc=0x000000000588824c sp=0x000000001a51a910
Event: 3934.034 Thread 0x000000001cf59800 DEOPT UNPACKING pc=0x00000000026571d0 sp=0x000000001a51a668 mode 0
Event: 3934.041 Thread 0x0000000015f78000 flushing nmethod 0x000000000333d910
Event: 3934.042 Thread 0x0000000015f78000 flushing nmethod 0x00000000034be810
Event: 3934.043 Thread 0x0000000015f78000 flushing nmethod 0x0000000003590690
Event: 3934.043 Thread 0x0000000015f78000 flushing nmethod 0x00000000035949d0
Event: 3934.043 Thread 0x0000000015f78000 flushing nmethod 0x00000000035a07d0


Dynamic libraries:
0x00007ff6577e0000 - 0x00007ff657811000 	C:\Program Files\Android\Android Studio\jre\bin\java.exe
0x00007ffa9aba0000 - 0x00007ffa9ad90000 	C:\WINDOWS\SYSTEM32\ntdll.dll
0x00007ffa9a160000 - 0x00007ffa9a212000 	C:\WINDOWS\System32\KERNEL32.DLL
0x00007ffa982e0000 - 0x00007ffa98583000 	C:\WINDOWS\System32\KERNELBASE.dll
0x00007ffa98c50000 - 0x00007ffa98cf3000 	C:\WINDOWS\System32\ADVAPI32.dll
0x00007ffa98db0000 - 0x00007ffa98e4e000 	C:\WINDOWS\System32\msvcrt.dll
0x00007ffa996c0000 - 0x00007ffa99757000 	C:\WINDOWS\System32\sechost.dll
0x00007ffa99aa0000 - 0x00007ffa99bc0000 	C:\WINDOWS\System32\RPCRT4.dll
0x00007ffa99370000 - 0x00007ffa99504000 	C:\WINDOWS\System32\USER32.dll
0x00007ffa98680000 - 0x00007ffa986a1000 	C:\WINDOWS\System32\win32u.dll
0x00007ffa98d00000 - 0x00007ffa98d26000 	C:\WINDOWS\System32\GDI32.dll
0x00007ffa98850000 - 0x00007ffa989e4000 	C:\WINDOWS\System32\gdi32full.dll
0x00007ffa98590000 - 0x00007ffa9862e000 	C:\WINDOWS\System32\msvcp_win.dll
0x00007ffa986d0000 - 0x00007ffa987ca000 	C:\WINDOWS\System32\ucrtbase.dll
0x00007ffa87530000 - 0x00007ffa877b5000 	C:\WINDOWS\WinSxS\amd64_microsoft.windows.common-controls_6595b64144ccf1df_6.0.18362.778_none_e6c6b761130d4fb8\COMCTL32.dll
0x00007ffa99760000 - 0x00007ffa99a96000 	C:\WINDOWS\System32\combase.dll
0x00007ffa987d0000 - 0x00007ffa98850000 	C:\WINDOWS\System32\bcryptPrimitives.dll
0x00007ffa9a2b0000 - 0x00007ffa9a2de000 	C:\WINDOWS\System32\IMM32.DLL
0x0000000057ea0000 - 0x0000000057f72000 	C:\Program Files\Android\Android Studio\jre\jre\bin\msvcr100.dll
0x0000000056e30000 - 0x0000000057671000 	C:\Program Files\Android\Android Studio\jre\jre\bin\server\jvm.dll
0x00007ffa9a220000 - 0x00007ffa9a228000 	C:\WINDOWS\System32\PSAPI.DLL
0x00007ffa8cd20000 - 0x00007ffa8cd29000 	C:\WINDOWS\SYSTEM32\WSOCK32.dll
0x00007ffa9a2e0000 - 0x00007ffa9a34f000 	C:\WINDOWS\System32\WS2_32.dll
0x00007ffa95b00000 - 0x00007ffa95b24000 	C:\WINDOWS\SYSTEM32\WINMM.dll
0x00007ffa8da60000 - 0x00007ffa8da6a000 	C:\WINDOWS\SYSTEM32\VERSION.dll
0x00007ffa95ad0000 - 0x00007ffa95afd000 	C:\WINDOWS\SYSTEM32\WINMMBASE.dll
0x00007ffa98630000 - 0x00007ffa9867a000 	C:\WINDOWS\System32\cfgmgr32.dll
0x00007ffa8ca60000 - 0x00007ffa8ca6f000 	C:\Program Files\Android\Android Studio\jre\jre\bin\verify.dll
0x00007ffa84fa0000 - 0x00007ffa84fc9000 	C:\Program Files\Android\Android Studio\jre\jre\bin\java.dll
0x00007ffa837d0000 - 0x00007ffa837e6000 	C:\Program Files\Android\Android Studio\jre\jre\bin\zip.dll
0x00007ffa9a3c0000 - 0x00007ffa9aaa5000 	C:\WINDOWS\System32\SHELL32.dll
0x00007ffa9aab0000 - 0x00007ffa9ab59000 	C:\WINDOWS\System32\shcore.dll
0x00007ffa97b60000 - 0x00007ffa982e0000 	C:\WINDOWS\System32\windows.storage.dll
0x00007ffa97b00000 - 0x00007ffa97b23000 	C:\WINDOWS\System32\profapi.dll
0x00007ffa97a70000 - 0x00007ffa97aba000 	C:\WINDOWS\System32\powrprof.dll
0x00007ffa97a60000 - 0x00007ffa97a70000 	C:\WINDOWS\System32\UMPDC.dll
0x00007ffa99510000 - 0x00007ffa99562000 	C:\WINDOWS\System32\shlwapi.dll
0x00007ffa97ae0000 - 0x00007ffa97af1000 	C:\WINDOWS\System32\kernel.appcore.dll
0x00007ffa986b0000 - 0x00007ffa986c7000 	C:\WINDOWS\System32\cryptsp.dll
0x00007ffa809d0000 - 0x00007ffa809ea000 	C:\Program Files\Android\Android Studio\jre\jre\bin\net.dll
0x00007ffa972d0000 - 0x00007ffa97337000 	C:\WINDOWS\system32\mswsock.dll
0x00007ffa7cbe0000 - 0x00007ffa7cbf1000 	C:\Program Files\Android\Android Studio\jre\jre\bin\nio.dll
0x00007ffa91560000 - 0x00007ffa9157e000 	C:\Users\acer\.gradle\native\25\windows-amd64\native-platform.dll
0x00007ffa8c310000 - 0x00007ffa8c31d000 	C:\Program Files\Android\Android Studio\jre\jre\bin\management.dll
0x00007ffa96e40000 - 0x00007ffa96e73000 	C:\WINDOWS\system32\rsaenh.dll
0x00007ffa97b30000 - 0x00007ffa97b56000 	C:\WINDOWS\System32\bcrypt.dll
0x00007ffa97980000 - 0x00007ffa979a5000 	C:\WINDOWS\SYSTEM32\USERENV.dll
0x00007ffa974a0000 - 0x00007ffa974ac000 	C:\WINDOWS\SYSTEM32\CRYPTBASE.dll
0x00007ffa96fe0000 - 0x00007ffa9701a000 	C:\WINDOWS\SYSTEM32\IPHLPAPI.DLL
0x00007ffa9a230000 - 0x00007ffa9a238000 	C:\WINDOWS\System32\NSI.dll
0x00007ffa8f260000 - 0x00007ffa8f276000 	C:\WINDOWS\SYSTEM32\dhcpcsvc6.DLL
0x00007ffa8f330000 - 0x00007ffa8f34c000 	C:\WINDOWS\SYSTEM32\dhcpcsvc.DLL
0x00007ffa97020000 - 0x00007ffa970ea000 	C:\WINDOWS\SYSTEM32\DNSAPI.dll
0x00007ffa91420000 - 0x00007ffa9143e000 	C:\Users\acer\AppData\Local\Temp\native-platform5635652416312728867dir\native-platform.dll

VM Arguments:
jvm_args: -Xmx1536m -Dfile.encoding=windows-1252 -Duser.country=US -Duser.language=en -Duser.variant 
java_command: org.gradle.launcher.daemon.bootstrap.GradleDaemon 5.1.1
java_class_path (initial): C:\Users\acer\.gradle\wrapper\dists\gradle-5.1.1-all\97z1ksx6lirer3kbvdnh7jtjg\gradle-5.1.1\lib\gradle-launcher-5.1.1.jar
Launcher Type: SUN_STANDARD

Environment Variables:
PATH=C:\WINDOWS\system32;C:\WINDOWS;C:\WINDOWS\System32\Wbem;C:\WINDOWS\System32\WindowsPowerShell\v1.0\;C:\WINDOWS\System32\OpenSSH\;C:\Program Files\Git\cmd;C:\xampp\php;C:\ProgramData\ComposerSetup\bin;C:\Users\acer\AppData\Local\Microsoft\WindowsApps;C:\Users\acer\AppData\Roaming\Composer\vendor\bin;C:\Users\acer\AppData\Local\Programs\Microsoft VS Code\bin
USERNAME=acer
OS=Windows_NT
PROCESSOR_IDENTIFIER=Intel64 Family 6 Model 37 Stepping 5, GenuineIntel



---------------  S Y S T E M  ---------------

OS: Windows 10.0 , 64 bit Build 18362 (10.0.18362.778)

CPU:total 4 (initial active 4) (2 cores per cpu, 2 threads per core) family 6 model 37 stepping 5, cmov, cx8, fxsr, mmx, sse, sse2, sse3, ssse3, sse4.1, sse4.2, popcnt, ht, tsc, tscinvbit

Memory: 4k page, physical 4905840k(323136k free), swap 5954416k(6508k free)

vm_info: OpenJDK 64-Bit Server VM (25.152-b01) for windows-amd64 JRE (1.8.0_152-release-1343-b01), built by "builder" with MS VC++ 10.0 (VS2010)

time: Wed May 13 08:13:25 2020
elapsed time: 3934 seconds (0d 1h 5m 34s)

