JvmtiExport can_access_local_variables 0
JvmtiExport can_hotswap_or_post_breakpoint 0
JvmtiExport can_post_on_exceptions 0
# 839 ciObject found
ciMethod java/lang/Object <init> ()V 4097 1 6216095 0 0
ciMethod java/nio/Buffer checkIndex (I)I 2049 1 1499 0 0
ciMethodData java/lang/Object <init> ()V 2 6216095 orig 264 56 173 125 87 0 0 0 0 128 4 27 22 0 0 0 0 32 1 0 0 0 0 0 0 0 0 0 0 0 0 0 0 0 0 0 0 0 0 0 0 0 0 0 0 0 0 0 0 0 0 0 0 0 0 0 0 0 0 0 0 0 0 0 0 0 0 0 0 0 0 0 0 0 0 0 0 0 0 0 0 77 68 79 32 101 120 116 114 97 32 100 97 116 97 32 108 111 99 107 0 0 0 0 0 0 0 0 0 0 0 0 0 0 0 0 0 0 0 0 0 0 0 0 0 0 0 0 0 0 0 0 0 0 0 0 0 0 0 0 0 0 0 0 0 0 0 0 0 0 0 0 0 0 0 0 0 0 0 0 0 0 0 0 0 0 0 0 0 0 0 0 0 0 0 0 0 0 0 0 0 0 0 0 0 1 0 0 0 0 0 0 0 1 0 0 0 0 0 0 0 1 0 0 0 0 0 0 0 0 0 0 0 0 0 0 0 0 2 0 0 249 188 246 2 1 0 0 0 0 0 0 0 0 0 0 0 2 0 0 0 0 0 3 0 1 0 0 0 0 0 0 0 255 255 255 255 0 0 0 0 0 0 0 0 data 0 oops 0
ciMethodData java/nio/Buffer checkIndex (I)I 2 1499 orig 264 56 173 125 87 0 0 0 0 80 91 36 22 0 0 0 0 120 1 0 0 32 0 0 0 0 0 0 0 0 0 0 0 0 0 0 0 0 0 0 0 0 0 0 0 0 0 0 0 0 0 0 0 0 0 0 0 0 0 0 0 0 0 0 0 0 0 0 0 0 0 0 0 0 0 0 0 0 0 0 0 77 68 79 32 101 120 116 114 97 32 100 97 116 97 32 108 111 99 107 0 0 0 0 0 0 0 0 0 0 0 0 0 0 0 0 0 0 0 0 0 0 0 0 0 0 0 0 0 0 0 0 0 0 0 0 0 0 0 0 0 0 0 0 0 0 0 0 0 0 0 0 0 0 0 0 0 0 0 0 0 0 0 0 0 0 0 0 0 0 0 0 0 0 0 0 0 0 0 0 0 0 0 0 0 0 0 0 0 0 0 0 0 0 0 0 0 0 0 0 0 0 0 0 0 0 0 0 0 0 0 0 0 0 0 0 0 0 1 0 0 217 38 0 0 1 0 0 0 0 0 0 0 0 0 0 0 2 0 0 0 0 0 8 0 2 0 0 0 80 0 0 0 255 255 255 255 7 0 1 0 0 0 0 0 data 10 0x10007 0x0 0x40 0x4db 0x90007 0x4db 0x30 0x0 0x100002 0x0 oops 0
ciMethod com/android/tools/r8/graph/OffsetToObjectMapping getTypeMap ()[Lcom/android/tools/r8/graph/DexType; 2329 1 4854 0 -1
ciMethod com/android/tools/r8/graph/OffsetToObjectMapping getFieldMap ()[Lcom/android/tools/r8/graph/DexField; 249 1 22977 0 -1
ciMethod com/android/tools/r8/code/Goto16 <init> (ILcom/android/tools/r8/code/BytecodeStream;)V 1009 1 207 0 -1
ciMethod com/android/tools/r8/code/Format20t <init> (ILcom/android/tools/r8/code/BytecodeStream;)V 1009 1 207 0 -1
ciMethod com/android/tools/r8/graph/OffsetToObjectMapping getMethodMap ()[Lcom/android/tools/r8/graph/DexMethod; 697 1 27286 0 -1
ciMethod com/android/tools/r8/code/Instruction <init> (Lcom/android/tools/r8/code/BytecodeStream;)V 3169 1 248758 0 0
ciMethod com/android/tools/r8/code/Instruction readSigned8BitValue (Lcom/android/tools/r8/code/BytecodeStream;)B 89 1 6862 0 0
ciMethod com/android/tools/r8/code/Instruction read8BitValue (Lcom/android/tools/r8/code/BytecodeStream;)S 1785 1 239807 0 0
ciMethod com/android/tools/r8/code/Instruction readSigned16BitValue (Lcom/android/tools/r8/code/BytecodeStream;)S 225 1 30681 0 0
ciMethod com/android/tools/r8/code/NewInstance <init> (ILcom/android/tools/r8/code/BytecodeStream;Lcom/android/tools/r8/graph/OffsetToObjectMapping;)V 4097 1 2530 0 -1
ciMethod com/android/tools/r8/code/Format21c <init> (ILcom/android/tools/r8/code/BytecodeStream;[Lcom/android/tools/r8/graph/IndexedDexItem;)V 3081 1 8194 0 -1
ciMethod com/android/tools/r8/code/Base2Format <init> (Lcom/android/tools/r8/code/BytecodeStream;)V 1105 1 61487 0 96
ciMethod com/android/tools/r8/code/MoveResult <init> (ILcom/android/tools/r8/code/BytecodeStream;)V 3761 1 7512 0 -1
ciMethod com/android/tools/r8/code/Format11x <init> (ILcom/android/tools/r8/code/BytecodeStream;)V 609 1 19858 0 -1
ciMethod com/android/tools/r8/code/MoveResultWide <init> (ILcom/android/tools/r8/code/BytecodeStream;)V 97 1 284 0 -1
ciMethod com/android/tools/r8/code/MoveResultObject <init> (ILcom/android/tools/r8/code/BytecodeStream;)V 7937 1 7419 0 -1
ciMethod com/android/tools/r8/code/InvokeDirectRange <init> (ILcom/android/tools/r8/code/BytecodeStream;Lcom/android/tools/r8/graph/OffsetToObjectMapping;)V 0 0 168 0 -1
ciMethod com/android/tools/r8/code/Format3rc <init> (ILcom/android/tools/r8/code/BytecodeStream;[Lcom/android/tools/r8/graph/IndexedDexItem;)V 1145 1 670 0 -1
ciMethod com/android/tools/r8/code/InvokeDirect <init> (ILcom/android/tools/r8/code/BytecodeStream;Lcom/android/tools/r8/graph/OffsetToObjectMapping;)V 8761 1 6006 0 -1
ciMethod com/android/tools/r8/code/Format35c <init> (ILcom/android/tools/r8/code/BytecodeStream;[Lcom/android/tools/r8/graph/IndexedDexItem;)V 681 1 109669 0 -1
ciMethod com/android/tools/r8/code/Iput <init> (ILcom/android/tools/r8/code/BytecodeStream;Lcom/android/tools/r8/graph/OffsetToObjectMapping;)V 657 1 2115 0 -1
ciMethod com/android/tools/r8/code/ReturnVoid <init> (ILcom/android/tools/r8/code/BytecodeStream;)V 10737 1 6718 0 -1
ciMethod com/android/tools/r8/code/Format22c <init> (ILcom/android/tools/r8/code/BytecodeStream;[Lcom/android/tools/r8/graph/IndexedDexItem;)V 129 1 20832 0 -1
ciMethod com/android/tools/r8/code/Format10x <init> (ILcom/android/tools/r8/code/BytecodeStream;)V 169 1 9307 0 -1
ciMethod com/android/tools/r8/code/IputWide <init> (ILcom/android/tools/r8/code/BytecodeStream;Lcom/android/tools/r8/graph/OffsetToObjectMapping;)V 297 1 61 0 -1
ciMethod com/android/tools/r8/code/ReturnObject <init> (ILcom/android/tools/r8/code/BytecodeStream;)V 4057 1 2873 0 -1
ciMethod com/android/tools/r8/code/IputObject <init> (ILcom/android/tools/r8/code/BytecodeStream;Lcom/android/tools/r8/graph/OffsetToObjectMapping;)V 3417 1 2949 0 -1
ciMethod com/android/tools/r8/code/Return <init> (ILcom/android/tools/r8/code/BytecodeStream;)V 2313 1 2781 0 -1
ciMethod com/android/tools/r8/code/IputBoolean <init> (ILcom/android/tools/r8/code/BytecodeStream;Lcom/android/tools/r8/graph/OffsetToObjectMapping;)V 0 0 877 0 -1
ciMethod com/android/tools/r8/code/ReturnWide <init> (ILcom/android/tools/r8/code/BytecodeStream;)V 249 1 54 0 -1
ciMethod com/android/tools/r8/code/IputByte <init> (ILcom/android/tools/r8/code/BytecodeStream;Lcom/android/tools/r8/graph/OffsetToObjectMapping;)V 33 1 4 0 -1
ciMethod com/android/tools/r8/code/IputChar <init> (ILcom/android/tools/r8/code/BytecodeStream;Lcom/android/tools/r8/graph/OffsetToObjectMapping;)V 145 1 18 0 -1
ciMethod com/android/tools/r8/code/IputShort <init> (ILcom/android/tools/r8/code/BytecodeStream;Lcom/android/tools/r8/graph/OffsetToObjectMapping;)V 25 1 3 0 -1
ciMethod com/android/tools/r8/code/Iget <init> (ILcom/android/tools/r8/code/BytecodeStream;Lcom/android/tools/r8/graph/OffsetToObjectMapping;)V 1361 1 3411 0 -1
ciMethod com/android/tools/r8/code/IgetWide <init> (ILcom/android/tools/r8/code/BytecodeStream;Lcom/android/tools/r8/graph/OffsetToObjectMapping;)V 321 1 81 0 -1
ciMethod com/android/tools/r8/code/IgetObject <init> (ILcom/android/tools/r8/code/BytecodeStream;Lcom/android/tools/r8/graph/OffsetToObjectMapping;)V 12441 1 11754 0 -1
ciMethod com/android/tools/r8/code/IgetBoolean <init> (ILcom/android/tools/r8/code/BytecodeStream;Lcom/android/tools/r8/graph/OffsetToObjectMapping;)V 0 0 972 0 -1
ciMethod com/android/tools/r8/code/IgetByte <init> (ILcom/android/tools/r8/code/BytecodeStream;Lcom/android/tools/r8/graph/OffsetToObjectMapping;)V 81 1 10 0 -1
ciMethod com/android/tools/r8/code/IgetChar <init> (ILcom/android/tools/r8/code/BytecodeStream;Lcom/android/tools/r8/graph/OffsetToObjectMapping;)V 97 1 12 0 -1
ciMethod com/android/tools/r8/code/IgetShort <init> (ILcom/android/tools/r8/code/BytecodeStream;Lcom/android/tools/r8/graph/OffsetToObjectMapping;)V 57 1 7 0 -1
ciMethod com/android/tools/r8/code/ConstString <init> (ILcom/android/tools/r8/code/BytecodeStream;Lcom/android/tools/r8/graph/OffsetToObjectMapping;)V 6425 1 2093 0 -1
ciMethod com/android/tools/r8/code/InvokeVirtualRange <init> (ILcom/android/tools/r8/code/BytecodeStream;Lcom/android/tools/r8/graph/OffsetToObjectMapping;)V 17 1 345 0 -1
ciMethod com/android/tools/r8/code/InvokeVirtual <init> (ILcom/android/tools/r8/code/BytecodeStream;Lcom/android/tools/r8/graph/OffsetToObjectMapping;)V 20385 1 17799 0 -1
ciMethod com/android/tools/r8/code/InvokeStaticRange <init> (ILcom/android/tools/r8/code/BytecodeStream;Lcom/android/tools/r8/graph/OffsetToObjectMapping;)V 753 1 109 0 -1
ciMethod com/android/tools/r8/code/InvokeStatic <init> (ILcom/android/tools/r8/code/BytecodeStream;Lcom/android/tools/r8/graph/OffsetToObjectMapping;)V 5841 1 4837 0 -1
ciMethod com/android/tools/r8/code/Goto <init> (ILcom/android/tools/r8/code/BytecodeStream;)V 4073 1 3479 0 -1
ciMethod com/android/tools/r8/code/Format10t <init> (ILcom/android/tools/r8/code/BytecodeStream;)V 33 1 2974 0 -1
ciMethod com/android/tools/r8/code/FillArrayData <init> (ILcom/android/tools/r8/code/BytecodeStream;)V 9 1 381 0 -1
ciMethod com/android/tools/r8/code/Format31t <init> (ILcom/android/tools/r8/code/BytecodeStream;)V 9 1 396 0 -1
ciMethod com/android/tools/r8/code/InstanceOf <init> (ILcom/android/tools/r8/code/BytecodeStream;Lcom/android/tools/r8/graph/OffsetToObjectMapping;)V 9 1 405 0 -1
ciMethod com/android/tools/r8/code/Nop <init> (ILcom/android/tools/r8/code/BytecodeStream;)V 2145 1 3912 0 -1
ciMethod com/android/tools/r8/code/Nop create (ILcom/android/tools/r8/code/BytecodeStream;)Lcom/android/tools/r8/code/Nop; 17 1 3770 0 -1
ciMethod com/android/tools/r8/code/IfEqz <init> (ILcom/android/tools/r8/code/BytecodeStream;)V 4609 1 5650 0 -1
ciMethod com/android/tools/r8/code/Format21t <init> (ILcom/android/tools/r8/code/BytecodeStream;)V 57 1 7204 0 -1
ciMethod com/android/tools/r8/code/IfGez <init> (ILcom/android/tools/r8/code/BytecodeStream;)V 537 1 77 0 -1
ciMethod com/android/tools/r8/code/IfGtz <init> (ILcom/android/tools/r8/code/BytecodeStream;)V 281 1 40 0 -1
ciMethod com/android/tools/r8/code/IfLez <init> (ILcom/android/tools/r8/code/BytecodeStream;)V 1681 1 238 0 -1
ciMethod com/android/tools/r8/code/IfLtz <init> (ILcom/android/tools/r8/code/BytecodeStream;)V 873 1 147 0 -1
ciMethod com/android/tools/r8/code/IfNez <init> (ILcom/android/tools/r8/code/BytecodeStream;)V 1761 1 1841 0 -1
ciMethod com/android/tools/r8/code/IfEq <init> (ILcom/android/tools/r8/code/BytecodeStream;)V 1 1 919 0 -1
ciMethod com/android/tools/r8/code/Format22t <init> (ILcom/android/tools/r8/code/BytecodeStream;)V 41 1 13422 0 -1
ciMethod com/android/tools/r8/code/IfGe <init> (ILcom/android/tools/r8/code/BytecodeStream;)V 25 1 382 0 -1
ciMethod com/android/tools/r8/code/IfGt <init> (ILcom/android/tools/r8/code/BytecodeStream;)V 441 1 59 0 -1
ciMethod com/android/tools/r8/code/IfLe <init> (ILcom/android/tools/r8/code/BytecodeStream;)V 593 1 77 0 -1
ciMethod com/android/tools/r8/code/IfLt <init> (ILcom/android/tools/r8/code/BytecodeStream;)V 9 1 259 0 -1
ciMethod com/android/tools/r8/code/IfNe <init> (ILcom/android/tools/r8/code/BytecodeStream;)V 217 1 799 0 -1
ciMethod com/android/tools/r8/code/PackedSwitchPayload <init> (ILcom/android/tools/r8/code/BytecodeStream;)V 25 161 95 0 -1
ciMethod com/android/tools/r8/code/SparseSwitchPayload <init> (ILcom/android/tools/r8/code/BytecodeStream;)V 9 225 8 0 -1
ciMethod com/android/tools/r8/code/FillArrayDataPayload <init> (ILcom/android/tools/r8/code/BytecodeStream;)V 265 1153 447 0 -1
ciMethod com/android/tools/r8/code/Move <init> (ILcom/android/tools/r8/code/BytecodeStream;)V 25 1 715 0 -1
ciMethod com/android/tools/r8/code/Format12x <init> (ILcom/android/tools/r8/code/BytecodeStream;)V 409 1 8558 0 -1
ciMethod com/android/tools/r8/code/MoveWide <init> (ILcom/android/tools/r8/code/BytecodeStream;)V 73 1 24 0 -1
ciMethod com/android/tools/r8/code/MoveObject <init> (ILcom/android/tools/r8/code/BytecodeStream;)V 2217 1 1517 0 -1
ciMethod com/android/tools/r8/code/MoveFrom16 <init> (ILcom/android/tools/r8/code/BytecodeStream;)V 17 1 873 0 -1
ciMethod com/android/tools/r8/code/Format22x <init> (ILcom/android/tools/r8/code/BytecodeStream;)V 17 1 1464 0 -1
ciMethod com/android/tools/r8/code/MoveWideFrom16 <init> (ILcom/android/tools/r8/code/BytecodeStream;)V 73 1 24 0 -1
ciMethod com/android/tools/r8/code/MoveObjectFrom16 <init> (ILcom/android/tools/r8/code/BytecodeStream;)V 1 1 567 0 -1
ciMethod com/android/tools/r8/code/Const4 <init> (ILcom/android/tools/r8/code/BytecodeStream;)V 7185 1 7864 0 -1
ciMethod com/android/tools/r8/code/Format11n <init> (ILcom/android/tools/r8/code/BytecodeStream;)V 137 1 35602 0 -1
ciMethod com/android/tools/r8/code/Const16 <init> (ILcom/android/tools/r8/code/BytecodeStream;)V 1289 1 1059 0 -1
ciMethod com/android/tools/r8/code/Format21s <init> (ILcom/android/tools/r8/code/BytecodeStream;)V 33 1 1032 0 -1
ciMethod com/android/tools/r8/code/ConstHigh16 <init> (ILcom/android/tools/r8/code/BytecodeStream;)V 33 1 478 0 -1
ciMethod com/android/tools/r8/code/Format21h <init> (ILcom/android/tools/r8/code/BytecodeStream;)V 33 1 495 0 -1
ciMethod com/android/tools/r8/code/Const <init> (ILcom/android/tools/r8/code/BytecodeStream;)V 1 1 316 0 -1
ciMethod com/android/tools/r8/code/Format31i <init> (ILcom/android/tools/r8/code/BytecodeStream;)V 1 1 319 0 -1
ciMethod com/android/tools/r8/code/ConstWide16 <init> (ILcom/android/tools/r8/code/BytecodeStream;)V 9 1 131 0 -1
ciMethod com/android/tools/r8/code/Sget <init> (ILcom/android/tools/r8/code/BytecodeStream;Lcom/android/tools/r8/graph/OffsetToObjectMapping;)V 713 1 1830 0 -1
ciMethod com/android/tools/r8/code/ConstWideHigh16 <init> (ILcom/android/tools/r8/code/BytecodeStream;)V 137 1 17 0 -1
ciMethod com/android/tools/r8/code/SgetWide <init> (ILcom/android/tools/r8/code/BytecodeStream;Lcom/android/tools/r8/graph/OffsetToObjectMapping;)V 65 1 8 0 -1
ciMethod com/android/tools/r8/code/ConstWide32 <init> (ILcom/android/tools/r8/code/BytecodeStream;)V 25 1 3 0 -1
ciMethod com/android/tools/r8/code/SgetObject <init> (ILcom/android/tools/r8/code/BytecodeStream;Lcom/android/tools/r8/graph/OffsetToObjectMapping;)V 633 1 859 0 -1
ciMethod com/android/tools/r8/code/ConstWide <init> (ILcom/android/tools/r8/code/BytecodeStream;)V 17 1 25 0 -1
ciMethod com/android/tools/r8/code/SgetBoolean <init> (ILcom/android/tools/r8/code/BytecodeStream;Lcom/android/tools/r8/graph/OffsetToObjectMapping;)V 577 1 86 0 -1
ciMethod com/android/tools/r8/code/Format51l <init> (ILcom/android/tools/r8/code/BytecodeStream;)V 17 1 25 0 -1
ciMethod com/android/tools/r8/code/SgetChar <init> (ILcom/android/tools/r8/code/BytecodeStream;Lcom/android/tools/r8/graph/OffsetToObjectMapping;)V 89 1 11 0 -1
ciMethod com/android/tools/r8/code/NewArray <init> (ILcom/android/tools/r8/code/BytecodeStream;Lcom/android/tools/r8/graph/OffsetToObjectMapping;)V 25 1 860 0 -1
ciMethod com/android/tools/r8/code/CheckCast <init> (ILcom/android/tools/r8/code/BytecodeStream;Lcom/android/tools/r8/graph/OffsetToObjectMapping;)V 2825 1 1762 0 -1
ciMethod com/android/tools/r8/code/Aput <init> (ILcom/android/tools/r8/code/BytecodeStream;)V 1 1 401 0 -1
ciMethod com/android/tools/r8/code/Format23x <init> (ILcom/android/tools/r8/code/BytecodeStream;)V 169 1 3541 0 -1
ciMethod com/android/tools/r8/code/AputWide <init> (ILcom/android/tools/r8/code/BytecodeStream;)V 393 1 49 0 -1
ciMethod com/android/tools/r8/code/AputObject <init> (ILcom/android/tools/r8/code/BytecodeStream;)V 33 1 270 0 -1
ciMethod com/android/tools/r8/code/AputBoolean <init> (ILcom/android/tools/r8/code/BytecodeStream;)V 25 1 4 0 -1
ciMethod com/android/tools/r8/code/AputByte <init> (ILcom/android/tools/r8/code/BytecodeStream;)V 617 1 77 0 -1
ciMethod com/android/tools/r8/code/AputChar <init> (ILcom/android/tools/r8/code/BytecodeStream;)V 281 1 35 0 -1
ciMethod com/android/tools/r8/code/AputShort <init> (ILcom/android/tools/r8/code/BytecodeStream;)V 121 1 15 0 -1
ciMethod com/android/tools/r8/code/Sput <init> (ILcom/android/tools/r8/code/BytecodeStream;Lcom/android/tools/r8/graph/OffsetToObjectMapping;)V 329 1 45 0 -1
ciMethod com/android/tools/r8/code/SputWide <init> (ILcom/android/tools/r8/code/BytecodeStream;Lcom/android/tools/r8/graph/OffsetToObjectMapping;)V 33 1 4 0 -1
ciMethod com/android/tools/r8/code/SputObject <init> (ILcom/android/tools/r8/code/BytecodeStream;Lcom/android/tools/r8/graph/OffsetToObjectMapping;)V 105 1 618 0 -1
ciMethod com/android/tools/r8/code/SputBoolean <init> (ILcom/android/tools/r8/code/BytecodeStream;Lcom/android/tools/r8/graph/OffsetToObjectMapping;)V 0 0 22 0 -1
ciMethod com/android/tools/r8/code/InvokeSuperRange <init> (ILcom/android/tools/r8/code/BytecodeStream;Lcom/android/tools/r8/graph/OffsetToObjectMapping;)V 225 1 29 0 -1
ciMethod com/android/tools/r8/code/InvokeSuper <init> (ILcom/android/tools/r8/code/BytecodeStream;Lcom/android/tools/r8/graph/OffsetToObjectMapping;)V 0 0 860 0 -1
ciMethod com/android/tools/r8/code/InvokeInterfaceRange <init> (ILcom/android/tools/r8/code/BytecodeStream;Lcom/android/tools/r8/graph/OffsetToObjectMapping;)V 49 1 10 0 -1
ciMethod com/android/tools/r8/code/InvokeInterface <init> (ILcom/android/tools/r8/code/BytecodeStream;Lcom/android/tools/r8/graph/OffsetToObjectMapping;)V 3529 1 1853 0 -1
ciMethod java/nio/ShortBuffer get (I)S 0 0 1 0 -1
ciMethod com/android/tools/r8/code/AndIntLit8 <init> (ILcom/android/tools/r8/code/BytecodeStream;)V 1 1 906 0 0
ciMethod com/android/tools/r8/code/Format22b <init> (ILcom/android/tools/r8/code/BytecodeStream;)V 89 1 6863 0 0
ciMethod com/android/tools/r8/code/AndLong <init> (ILcom/android/tools/r8/code/BytecodeStream;)V 33 1 4 0 -1
ciMethod com/android/tools/r8/code/AndInt <init> (ILcom/android/tools/r8/code/BytecodeStream;)V 0 0 20 0 -1
ciMethod com/android/tools/r8/code/AndInt2Addr <init> (ILcom/android/tools/r8/code/BytecodeStream;)V 1345 1 290 0 -1
ciMethod com/android/tools/r8/code/AndIntLit16 <init> (ILcom/android/tools/r8/code/BytecodeStream;)V 625 1 278 0 -1
ciMethod com/android/tools/r8/code/Format22s <init> (ILcom/android/tools/r8/code/BytecodeStream;)V 785 1 336 0 0
ciMethod com/android/tools/r8/code/AndLong2Addr <init> (ILcom/android/tools/r8/code/BytecodeStream;)V 1201 1 152 0 -1
ciMethod com/android/tools/r8/code/MulDouble <init> (ILcom/android/tools/r8/code/BytecodeStream;)V 265 1 170 0 -1
ciMethod com/android/tools/r8/code/MulFloat <init> (ILcom/android/tools/r8/code/BytecodeStream;)V 6353 1 623 0 -1
ciMethod com/android/tools/r8/code/MulIntLit8 <init> (ILcom/android/tools/r8/code/BytecodeStream;)V 985 1 285 0 0
ciMethod com/android/tools/r8/code/MulLong <init> (ILcom/android/tools/r8/code/BytecodeStream;)V 9 1 3 0 -1
ciMethod com/android/tools/r8/code/MulInt <init> (ILcom/android/tools/r8/code/BytecodeStream;)V 233 1 32 0 -1
ciMethod com/android/tools/r8/code/MulIntLit16 <init> (ILcom/android/tools/r8/code/BytecodeStream;)V 49 1 6 0 -1
ciMethod com/android/tools/r8/code/AddDouble <init> (ILcom/android/tools/r8/code/BytecodeStream;)V 177 1 22 0 -1
ciMethod com/android/tools/r8/code/AddFloat <init> (ILcom/android/tools/r8/code/BytecodeStream;)V 265 1 36 0 -1
ciMethod com/android/tools/r8/code/AddFloat2Addr <init> (ILcom/android/tools/r8/code/BytecodeStream;)V 3641 1 443 0 -1
ciMethod com/android/tools/r8/code/AddIntLit8 <init> (ILcom/android/tools/r8/code/BytecodeStream;)V 17 1 5039 0 0
ciMethod com/android/tools/r8/code/AddLong <init> (ILcom/android/tools/r8/code/BytecodeStream;)V 49 1 9 0 -1
ciMethod com/android/tools/r8/code/AddInt <init> (ILcom/android/tools/r8/code/BytecodeStream;)V 1201 1 151 0 -1
ciMethod com/android/tools/r8/code/AddInt2Addr <init> (ILcom/android/tools/r8/code/BytecodeStream;)V 9 1 1715 0 -1
ciMethod com/android/tools/r8/code/AddIntLit16 <init> (ILcom/android/tools/r8/code/BytecodeStream;)V 33 1 4 0 -1
ciMethod com/android/tools/r8/code/AddLong2Addr <init> (ILcom/android/tools/r8/code/BytecodeStream;)V 9 1 215 0 -1
ciMethod com/android/tools/r8/code/AddDouble2Addr <init> (ILcom/android/tools/r8/code/BytecodeStream;)V 97 1 106 0 -1
ciMethod com/android/tools/r8/code/ConstClass <init> (ILcom/android/tools/r8/code/BytecodeStream;Lcom/android/tools/r8/graph/OffsetToObjectMapping;)V 25 1 118 0 -1
ciMethod com/android/tools/r8/code/PackedSwitch <init> (ILcom/android/tools/r8/code/BytecodeStream;)V 25 1 14 0 -1
ciMethod com/android/tools/r8/code/SparseSwitch <init> (ILcom/android/tools/r8/code/BytecodeStream;)V 9 1 1 0 -1
ciMethod com/android/tools/r8/code/Aget <init> (ILcom/android/tools/r8/code/BytecodeStream;)V 1049 1 138 0 -1
ciMethod com/android/tools/r8/code/AgetWide <init> (ILcom/android/tools/r8/code/BytecodeStream;)V 2441 1 306 0 -1
ciMethod com/android/tools/r8/code/AgetObject <init> (ILcom/android/tools/r8/code/BytecodeStream;)V 9 1 121 0 -1
ciMethod com/android/tools/r8/graph/OffsetToObjectMapping getStringMap ()[Lcom/android/tools/r8/graph/DexString; 65 1 1298 0 -1
ciMethod com/android/tools/r8/code/AgetBoolean <init> (ILcom/android/tools/r8/code/BytecodeStream;)V 25 1 4 0 -1
ciMethod com/android/tools/r8/code/AgetByte <init> (ILcom/android/tools/r8/code/BytecodeStream;)V 2097 1 263 0 -1
ciMethod com/android/tools/r8/code/AgetChar <init> (ILcom/android/tools/r8/code/BytecodeStream;)V 33 1 4 0 -1
ciMethod com/android/tools/r8/code/AgetShort <init> (ILcom/android/tools/r8/code/BytecodeStream;)V 1257 1 157 0 -1
ciMethod com/android/tools/r8/code/FilledNewArrayRange <init> (ILcom/android/tools/r8/code/BytecodeStream;Lcom/android/tools/r8/graph/OffsetToObjectMapping;)V 73 1 9 0 -1
ciMethod com/android/tools/r8/code/FilledNewArray <init> (ILcom/android/tools/r8/code/BytecodeStream;Lcom/android/tools/r8/graph/OffsetToObjectMapping;)V 0 0 5 0 -1
ciMethod java/nio/HeapShortBuffer ix (I)I 3513 1 7065 0 0
ciMethod java/nio/HeapShortBuffer get (I)S 3449 1 7063 0 0
ciMethodData java/nio/HeapShortBuffer get (I)S 2 7063 orig 264 56 173 125 87 0 0 0 0 160 130 136 40 0 0 0 0 176 1 0 0 0 0 0 0 0 0 0 0 0 0 0 0 0 0 0 0 0 0 0 0 0 0 0 0 0 0 0 0 0 0 0 0 0 0 0 0 0 0 0 0 0 0 0 0 0 0 0 0 0 0 0 0 0 0 0 0 0 0 0 0 77 68 79 32 101 120 116 114 97 32 100 97 116 97 32 108 111 99 107 0 0 0 0 0 0 0 0 0 0 0 0 0 0 0 0 0 0 0 0 0 0 0 0 0 0 0 0 0 0 0 0 0 0 0 0 0 0 0 0 0 0 0 0 0 0 0 0 0 0 0 0 0 0 0 0 0 0 0 0 0 0 0 0 0 0 0 0 0 0 0 0 0 0 0 0 0 0 0 0 0 0 0 0 0 0 0 0 0 0 0 0 0 0 0 0 0 0 0 0 0 0 0 0 0 0 0 0 0 0 0 0 0 0 0 0 0 175 1 0 0 65 207 0 0 1 0 0 0 0 0 0 0 0 0 0 0 2 0 0 0 0 0 3 0 2 0 0 0 96 0 0 0 255 255 255 255 5 0 7 0 0 0 0 0 data 12 0x70005 0x1a 0x1f863160 0x19ce 0x0 0x0 0xa0005 0x0 0x1f863160 0x19e9 0x0 0x0 oops 2 2 java/nio/HeapShortBuffer 8 java/nio/HeapShortBuffer
ciMethodData java/nio/HeapShortBuffer ix (I)I 2 7065 orig 264 56 173 125 87 0 0 0 0 96 129 136 40 0 0 0 0 40 1 0 0 0 0 0 0 0 0 0 0 0 0 0 0 0 0 0 0 0 0 0 0 0 0 0 0 0 0 0 0 0 0 0 0 0 0 0 0 0 0 0 0 0 0 0 0 0 0 0 0 0 0 0 0 0 0 0 0 0 0 0 0 77 68 79 32 101 120 116 114 97 32 100 97 116 97 32 108 111 99 107 0 0 0 0 0 0 0 0 0 0 0 0 0 0 0 0 0 0 0 0 0 0 0 0 0 0 0 0 0 0 0 0 0 0 0 0 0 0 0 0 0 0 0 0 0 0 0 0 0 0 0 0 0 0 0 0 0 0 0 0 0 0 0 0 0 0 0 0 0 0 0 0 0 0 0 0 0 0 0 0 0 0 0 0 0 0 0 0 0 0 0 0 0 0 0 0 0 0 0 0 0 0 0 0 0 0 0 0 0 0 0 0 0 0 0 0 0 182 1 0 0 17 207 0 0 1 0 0 0 0 0 0 0 0 0 0 0 2 0 0 0 0 0 3 0 1 0 0 0 0 0 0 0 255 255 255 255 0 0 0 0 0 0 0 0 data 0 oops 0
ciMethod com/android/tools/r8/code/BaseInstructionFactory create (IILcom/android/tools/r8/code/BytecodeStream;Lcom/android/tools/r8/graph/OffsetToObjectMapping;)Lcom/android/tools/r8/code/Instruction; 4773697 1 508672 0 -1
ciMethod com/android/tools/r8/code/MoveException <init> (ILcom/android/tools/r8/code/BytecodeStream;)V 1545 1 417 0 -1
ciMethod com/android/tools/r8/code/MonitorEnter <init> (ILcom/android/tools/r8/code/BytecodeStream;)V 241 1 58 0 -1
ciMethod com/android/tools/r8/code/MonitorExit <init> (ILcom/android/tools/r8/code/BytecodeStream;)V 553 1 130 0 -1
ciMethod com/android/tools/r8/code/ArrayLength <init> (ILcom/android/tools/r8/code/BytecodeStream;)V 17 1 66 0 -1
ciMethod com/android/tools/r8/code/Throw <init> (ILcom/android/tools/r8/code/BytecodeStream;)V 17 1 526 0 -1
ciMethod com/android/tools/r8/code/CmplFloat <init> (ILcom/android/tools/r8/code/BytecodeStream;)V 1513 1 224 0 -1
ciMethod com/android/tools/r8/code/CmpgFloat <init> (ILcom/android/tools/r8/code/BytecodeStream;)V 313 1 47 0 -1
ciMethod com/android/tools/r8/code/CmplDouble <init> (ILcom/android/tools/r8/code/BytecodeStream;)V 33 1 4 0 -1
ciMethod com/android/tools/r8/code/CmpgDouble <init> (ILcom/android/tools/r8/code/BytecodeStream;)V 17 1 2 0 -1
ciMethod com/android/tools/r8/code/CmpLong <init> (ILcom/android/tools/r8/code/BytecodeStream;)V 273 1 79 0 -1
ciMethod com/android/tools/r8/code/NegInt <init> (ILcom/android/tools/r8/code/BytecodeStream;)V 761 1 95 0 -1
ciMethod com/android/tools/r8/code/NotInt <init> (ILcom/android/tools/r8/code/BytecodeStream;)V 33 1 4 0 -1
ciMethod com/android/tools/r8/code/NegLong <init> (ILcom/android/tools/r8/code/BytecodeStream;)V 113 1 14 0 -1
ciMethod com/android/tools/r8/code/NotLong <init> (ILcom/android/tools/r8/code/BytecodeStream;)V 41 1 5 0 -1
ciMethod com/android/tools/r8/code/NegFloat <init> (ILcom/android/tools/r8/code/BytecodeStream;)V 465 1 72 0 -1
ciMethod com/android/tools/r8/code/NegDouble <init> (ILcom/android/tools/r8/code/BytecodeStream;)V 41 1 5 0 -1
ciMethod com/android/tools/r8/code/IntToLong <init> (ILcom/android/tools/r8/code/BytecodeStream;)V 273 1 37 0 -1
ciMethod com/android/tools/r8/code/IntToFloat <init> (ILcom/android/tools/r8/code/BytecodeStream;)V 73 1 502 0 -1
ciMethod com/android/tools/r8/code/IntToDouble <init> (ILcom/android/tools/r8/code/BytecodeStream;)V 89 1 11 0 -1
ciMethod com/android/tools/r8/code/LongToInt <init> (ILcom/android/tools/r8/code/BytecodeStream;)V 41 1 5 0 -1
ciMethod com/android/tools/r8/code/LongToFloat <init> (ILcom/android/tools/r8/code/BytecodeStream;)V 33 1 9 0 -1
ciMethod com/android/tools/r8/code/LongToDouble <init> (ILcom/android/tools/r8/code/BytecodeStream;)V 129 1 16 0 -1
ciMethod com/android/tools/r8/code/FloatToInt <init> (ILcom/android/tools/r8/code/BytecodeStream;)V 1153 1 156 0 -1
ciMethod com/android/tools/r8/code/FloatToLong <init> (ILcom/android/tools/r8/code/BytecodeStream;)V 65 1 8 0 -1
ciMethod com/android/tools/r8/code/FloatToDouble <init> (ILcom/android/tools/r8/code/BytecodeStream;)V 73 1 82 0 -1
ciMethod com/android/tools/r8/code/DoubleToInt <init> (ILcom/android/tools/r8/code/BytecodeStream;)V 137 1 17 0 -1
ciMethod com/android/tools/r8/code/DoubleToLong <init> (ILcom/android/tools/r8/code/BytecodeStream;)V 33 1 4 0 -1
ciMethod com/android/tools/r8/code/DoubleToFloat <init> (ILcom/android/tools/r8/code/BytecodeStream;)V 73 1 37 0 -1
ciMethod com/android/tools/r8/code/IntToByte <init> (ILcom/android/tools/r8/code/BytecodeStream;)V 17 1 2 0 -1
ciMethod com/android/tools/r8/code/IntToChar <init> (ILcom/android/tools/r8/code/BytecodeStream;)V 169 1 21 0 -1
ciMethod com/android/tools/r8/code/IntToShort <init> (ILcom/android/tools/r8/code/BytecodeStream;)V 377 1 47 0 -1
ciMethod com/android/tools/r8/code/SubInt <init> (ILcom/android/tools/r8/code/BytecodeStream;)V 3745 1 230 0 -1
ciMethod com/android/tools/r8/code/DivInt <init> (ILcom/android/tools/r8/code/BytecodeStream;)V 89 1 11 0 -1
ciMethod com/android/tools/r8/code/RemInt <init> (ILcom/android/tools/r8/code/BytecodeStream;)V 33 1 4 0 -1
ciMethod com/android/tools/r8/code/OrInt <init> (ILcom/android/tools/r8/code/BytecodeStream;)V 17 1 3 0 -1
ciMethod com/android/tools/r8/code/XorInt <init> (ILcom/android/tools/r8/code/BytecodeStream;)V 17 1 2 0 -1
ciMethod com/android/tools/r8/code/ShlInt <init> (ILcom/android/tools/r8/code/BytecodeStream;)V 41 1 6 0 -1
ciMethod com/android/tools/r8/code/ShrInt <init> (ILcom/android/tools/r8/code/BytecodeStream;)V 9 1 1 0 -1
ciMethod com/android/tools/r8/code/UshrInt <init> (ILcom/android/tools/r8/code/BytecodeStream;)V 49 1 6 0 -1
ciMethod com/android/tools/r8/code/SubLong <init> (ILcom/android/tools/r8/code/BytecodeStream;)V 33 1 8 0 -1
ciMethod com/android/tools/r8/code/DivLong <init> (ILcom/android/tools/r8/code/BytecodeStream;)V 73 1 9 0 -1
ciMethod com/android/tools/r8/code/RemLong <init> (ILcom/android/tools/r8/code/BytecodeStream;)V 41 1 5 0 -1
ciMethod com/android/tools/r8/code/OrLong <init> (ILcom/android/tools/r8/code/BytecodeStream;)V 33 1 4 0 -1
ciMethod com/android/tools/r8/code/XorLong <init> (ILcom/android/tools/r8/code/BytecodeStream;)V 41 1 5 0 -1
ciMethod com/android/tools/r8/code/ShlLong <init> (ILcom/android/tools/r8/code/BytecodeStream;)V 17 1 2 0 -1
ciMethod com/android/tools/r8/code/ShrLong <init> (ILcom/android/tools/r8/code/BytecodeStream;)V 17 1 2 0 -1
ciMethod com/android/tools/r8/code/UshrLong <init> (ILcom/android/tools/r8/code/BytecodeStream;)V 17 1 2 0 -1
ciMethod com/android/tools/r8/code/SubFloat <init> (ILcom/android/tools/r8/code/BytecodeStream;)V 41 1 88 0 -1
ciMethod com/android/tools/r8/code/DivFloat <init> (ILcom/android/tools/r8/code/BytecodeStream;)V 353 1 131 0 -1
ciMethod com/android/tools/r8/code/RemFloat <init> (ILcom/android/tools/r8/code/BytecodeStream;)V 9 1 3 0 -1
ciMethod com/android/tools/r8/code/SubDouble <init> (ILcom/android/tools/r8/code/BytecodeStream;)V 25 1 37 0 -1
ciMethod com/android/tools/r8/code/DivDouble <init> (ILcom/android/tools/r8/code/BytecodeStream;)V 17 1 54 0 -1
ciMethod com/android/tools/r8/code/SubInt2Addr <init> (ILcom/android/tools/r8/code/BytecodeStream;)V 2449 1 1206 0 -1
ciMethod com/android/tools/r8/code/DivInt2Addr <init> (ILcom/android/tools/r8/code/BytecodeStream;)V 81 1 46 0 -1
ciMethod com/android/tools/r8/code/RemInt2Addr <init> (ILcom/android/tools/r8/code/BytecodeStream;)V 9 1 13 0 -1
ciMethod com/android/tools/r8/code/OrInt2Addr <init> (ILcom/android/tools/r8/code/BytecodeStream;)V 1113 1 276 0 -1
ciMethod com/android/tools/r8/code/XorInt2Addr <init> (ILcom/android/tools/r8/code/BytecodeStream;)V 153 1 110 0 -1
ciMethod com/android/tools/r8/code/ShlInt2Addr <init> (ILcom/android/tools/r8/code/BytecodeStream;)V 9 1 13 0 -1
ciMethod com/android/tools/r8/code/ShrInt2Addr <init> (ILcom/android/tools/r8/code/BytecodeStream;)V 33 1 4 0 -1
ciMethod com/android/tools/r8/code/SubLong2Addr <init> (ILcom/android/tools/r8/code/BytecodeStream;)V 25 1 144 0 -1
ciMethod com/android/tools/r8/code/DivLong2Addr <init> (ILcom/android/tools/r8/code/BytecodeStream;)V 81 1 10 0 -1
ciMethod com/android/tools/r8/code/RemLong2Addr <init> (ILcom/android/tools/r8/code/BytecodeStream;)V 9 1 1 0 -1
ciMethod com/android/tools/r8/code/OrLong2Addr <init> (ILcom/android/tools/r8/code/BytecodeStream;)V 169 1 25 0 -1
ciMethod com/android/tools/r8/code/XorLong2Addr <init> (ILcom/android/tools/r8/code/BytecodeStream;)V 25 1 19 0 -1
ciMethod com/android/tools/r8/code/ShlLong2Addr <init> (ILcom/android/tools/r8/code/BytecodeStream;)V 193 1 25 0 -1
ciMethod com/android/tools/r8/code/ShrLong2Addr <init> (ILcom/android/tools/r8/code/BytecodeStream;)V 9 1 1 0 -1
ciMethod com/android/tools/r8/code/UshrLong2Addr <init> (ILcom/android/tools/r8/code/BytecodeStream;)V 9 1 10 0 -1
ciMethod com/android/tools/r8/code/SubFloat2Addr <init> (ILcom/android/tools/r8/code/BytecodeStream;)V 1729 1 227 0 -1
ciMethod com/android/tools/r8/code/DivFloat2Addr <init> (ILcom/android/tools/r8/code/BytecodeStream;)V 1481 1 281 0 -1
ciMethod com/android/tools/r8/code/RemFloat2Addr <init> (ILcom/android/tools/r8/code/BytecodeStream;)V 49 1 12 0 -1
ciMethod com/android/tools/r8/code/SubDouble2Addr <init> (ILcom/android/tools/r8/code/BytecodeStream;)V 97 1 30 0 -1
ciMethod com/android/tools/r8/code/DivDouble2Addr <init> (ILcom/android/tools/r8/code/BytecodeStream;)V 25 1 35 0 -1
ciMethod com/android/tools/r8/code/RsubInt <init> (ILcom/android/tools/r8/code/BytecodeStream;)V 137 1 18 0 -1
ciMethod com/android/tools/r8/code/DivIntLit16 <init> (ILcom/android/tools/r8/code/BytecodeStream;)V 9 1 10 0 -1
ciMethod com/android/tools/r8/code/OrIntLit16 <init> (ILcom/android/tools/r8/code/BytecodeStream;)V 241 1 30 0 0
ciMethod com/android/tools/r8/code/RsubIntLit8 <init> (ILcom/android/tools/r8/code/BytecodeStream;)V 9 1 5 0 0
ciMethod com/android/tools/r8/code/DivIntLit8 <init> (ILcom/android/tools/r8/code/BytecodeStream;)V 1489 1 198 0 0
ciMethod com/android/tools/r8/code/RemIntLit8 <init> (ILcom/android/tools/r8/code/BytecodeStream;)V 17 1 17 0 0
ciMethod com/android/tools/r8/code/OrIntLit8 <init> (ILcom/android/tools/r8/code/BytecodeStream;)V 89 1 71 0 0
ciMethod com/android/tools/r8/code/XorIntLit8 <init> (ILcom/android/tools/r8/code/BytecodeStream;)V 209 1 96 0 0
ciMethod com/android/tools/r8/code/ShlIntLit8 <init> (ILcom/android/tools/r8/code/BytecodeStream;)V 25 1 126 0 0
ciMethod com/android/tools/r8/code/ShrIntLit8 <init> (ILcom/android/tools/r8/code/BytecodeStream;)V 49 1 87 0 0
ciMethod com/android/tools/r8/code/UshrIntLit8 <init> (ILcom/android/tools/r8/code/BytecodeStream;)V 25 1 43 0 0
ciMethod com/android/tools/r8/code/BytecodeStream getOffset ()I 0 0 1 0 -1
ciMethod com/android/tools/r8/code/BytecodeStream nextShort ()I 0 0 1 0 -1
ciMethod com/android/tools/r8/code/BytecodeStream nextByte ()I 0 0 1 0 -1
ciMethod com/android/tools/r8/code/InstructionFactory$ShortBufferBytecodeStream nextShort ()I 1937 1 7063 0 256
ciMethod com/android/tools/r8/code/InstructionFactory$ShortBufferBytecodeStream nextByte ()I 2569 1 7628 0 320
ciMethod com/android/tools/r8/code/InstructionFactory$ShortBufferBytecodeStream getOffset ()I 1273 1 159 0 0
ciMethodData com/android/tools/r8/code/InstructionFactory$ShortBufferBytecodeStream nextByte ()I 2 7628 orig 264 56 173 125 87 0 0 0 0 136 182 143 40 0 0 0 0 152 1 0 0 0 0 0 0 0 0 0 0 0 0 0 0 0 0 0 0 0 0 0 0 0 0 0 0 0 0 0 0 0 0 0 0 0 0 0 0 0 0 0 0 0 0 0 0 0 0 0 0 0 0 0 0 0 0 0 0 0 0 0 0 77 68 79 32 101 120 116 114 97 32 100 97 116 97 32 108 111 99 107 0 0 0 0 0 0 0 0 0 0 0 0 0 0 0 0 0 0 0 0 0 0 0 0 0 0 0 0 0 0 0 0 0 0 0 0 0 0 0 0 0 0 0 0 0 0 0 0 0 0 0 0 0 0 0 0 0 0 0 0 0 0 0 0 0 0 0 0 0 0 0 0 0 0 0 0 0 0 0 0 0 0 0 0 0 0 0 0 0 0 0 0 0 0 0 0 0 0 0 0 0 0 0 0 0 0 0 0 0 0 0 0 0 0 0 0 0 65 1 0 0 89 228 0 0 1 0 0 0 0 0 0 0 0 0 0 0 2 0 0 0 0 0 5 0 2 0 0 0 80 0 0 0 255 255 255 255 7 0 4 0 0 0 0 0 data 10 0x40007 0xe45 0x20 0xe47 0x120005 0x0 0x22a69f40 0xe46 0x0 0x0 oops 1 6 com/android/tools/r8/code/InstructionFactory$ShortBufferBytecodeStream
ciMethodData com/android/tools/r8/code/InstructionFactory$ShortBufferBytecodeStream nextShort ()I 2 7063 orig 264 56 173 125 87 0 0 0 0 144 181 143 40 0 0 0 0 24 2 0 0 144 0 0 0 0 0 0 0 0 0 0 0 0 0 0 0 0 0 0 0 0 0 0 0 0 0 0 0 0 0 0 0 0 0 0 0 0 0 0 0 0 0 0 0 0 0 0 0 0 0 0 0 0 0 0 0 0 0 0 0 77 68 79 32 101 120 116 114 97 32 100 97 116 97 32 108 111 99 107 0 0 0 0 0 0 0 0 0 0 0 0 0 0 0 0 0 0 0 0 0 0 0 0 0 0 0 0 0 0 0 0 0 0 0 0 0 0 0 0 0 0 0 0 0 0 0 0 0 0 0 0 0 0 0 0 0 0 0 0 0 0 0 0 0 0 0 0 0 0 0 0 0 0 0 0 0 0 0 0 0 0 0 0 0 25 0 0 0 0 0 0 0 0 0 0 0 0 0 0 0 1 0 0 0 0 0 0 0 0 0 0 0 0 0 0 0 242 0 0 0 41 213 0 0 1 0 0 0 0 0 0 0 0 0 0 0 2 0 0 0 0 0 5 0 2 0 0 0 208 0 0 0 255 255 255 255 7 0 3 0 0 0 0 0 data 26 0x30007 0x1aa5 0x50 0x0 0xa0007 0x0 0x30 0x0 0x130002 0x0 0x1a0007 0x1aa5 0x50 0x0 0x250007 0x0 0x30 0x0 0x2c0002 0x0 0x3d0005 0x0 0x1f863160 0x1aa5 0x0 0x0 oops 1 22 java/nio/HeapShortBuffer
ciMethodData com/android/tools/r8/code/BaseInstructionFactory create (IILcom/android/tools/r8/code/BytecodeStream;Lcom/android/tools/r8/graph/OffsetToObjectMapping;)Lcom/android/tools/r8/code/Instruction; 2 508690 orig 264 56 173 125 87 0 0 0 0 248 6 139 40 0 0 0 0 240 32 0 0 96 18 0 0 0 0 0 0 0 0 0 0 0 0 0 0 0 0 0 0 0 0 0 0 0 0 0 0 0 0 0 0 0 0 0 0 0 0 0 0 0 0 0 0 0 0 0 0 0 0 0 0 0 0 0 0 0 0 0 0 77 68 79 32 101 120 116 114 97 32 100 97 116 97 32 108 111 99 107 0 0 0 0 0 0 0 0 0 0 0 0 0 0 0 0 0 0 0 0 0 0 0 0 0 0 0 0 0 0 0 0 0 0 0 0 0 0 0 0 0 0 0 0 0 2 0 0 0 0 0 0 0 0 0 0 0 0 0 0 0 0 0 0 0 0 0 0 0 2 0 0 0 0 0 0 0 0 0 0 0 0 0 0 0 0 0 0 0 0 0 0 0 0 0 0 0 0 0 0 0 0 0 0 0 0 0 0 0 0 0 0 0 0 0 0 0 129 1 0 0 217 191 14 0 1 0 0 0 107 174 1 0 0 0 0 0 2 0 0 0 0 0 229 0 2 0 0 0 224 30 0 0 255 255 255 255 8 0 1 0 0 0 0 0 data 988 0x10008 0x202 0x0 0x1e20 0xe8 0x1020 0x61 0x1030 0x43 0x1040 0x0 0x1050 0xf 0x1060 0xf 0x1070 0x0 0x1080 0x19a 0x1090 0x6c 0x10a0 0x0 0x10b0 0x380 0x10c0 0x45 0x10d0 0x477 0x10e0 0xdd 0x10f0 0x49d 0x1100 0x16d 0x1110 0x15 0x1120 0x1e7 0x1130 0x57b 0x1140 0x101 0x1150 0x27 0x1160 0x42 0x1170 0x47 0x1180 0x0 0x1190 0x0 0x11a0 0x0 0x11b0 0x273 0x11c0 0x0 0x11d0 0x10 0x11e0 0x1d 0x11f0 0x41 0x1200 0x18c 0x1210 0x3a 0x1220 0x5 0x1230 0x1f5 0x1240 0x41 0x1250 0x3 0x1260 0x0 0x1270 0x3 0x1280 0xd4 0x1290 0x25d 0x12a0 0x4f 0x12b0 0x0 0x12c0 0xb 0x12d0 0x0 0x12e0 0x26 0x12f0 0x8 0x1300 0x0 0x1310 0x0 0x1320 0x2d 0x1330 0x83 0x1340 0x81 0x1350 0x2c 0x1360 0x32 0x1370 0x4 0x1380 0x7 0x1390 0x318 0x13a0 0xe8 0x13b0 0x26 0x13c0 0xa 0x13d0 0x7 0x13e0 0x25 0x13f0 0x0 0x1e20 0x0 0x1e20 0x0 0x1e20 0x0 0x1e20 0x0 0x1e20 0x0 0x1e20 0x7 0x1400 0x0 0x1410 0x1 0x1420 0x1 0x1430 0x0 0x1440 0x0 0x1450 0x0 0x1460 0x21 0x1470 0x0 0x1480 0x1e 0x1490 0x1 0x14a0 0x0 0x14b0 0x0 0x14c0 0x0 0x14d0 0x22d 0x14e0 0x29 0x14f0 0x642 0x1500 0x5c 0x1510 0x0 0x1520 0x0 0x1530 0x0 0x1540 0x244 0x1550 0x18 0x1560 0x1a6 0x1570 0x79 0x1580 0x0 0x1590 0x0 0x15a0 0x0 0x15b0 0xb9 0x15c0 0x0 0x15d0 0xd0 0x15e0 0x6 0x15f0 0x0 0x1600 0x0 0x1610 0x0 0x1620 0x5 0x1630 0x0 0x1640 0x33 0x1650 0x2 0x1660 0x0 0x1670 0x0 0x1680 0x0 0x1690 0xbc5 0x16a0 0x41 0x16b0 0x3a9 0x16c0 0x3cc 0x16d0 0x1da 0x16e0 0x0 0x1e20 0x27 0x16f0 0x2 0x1700 0x2e 0x1710 0x15 0x1720 0x4 0x1730 0x0 0x1e20 0x0 0x1e20 0xa 0x1740 0x0 0x1750 0x0 0x1760 0x0 0x1770 0x19 0x1780 0x0 0x1790 0xe 0x17a0 0x26 0x17b0 0x0 0x17c0 0x0 0x17d0 0x5 0x17e0 0x0 0x17f0 0x1b 0x1800 0x3 0x1810 0x0 0x1820 0x0 0x1830 0x0 0x1840 0x0 0x1850 0x0 0x1860 0x0 0x1870 0x0 0x1880 0x2 0x1890 0x7 0x18a0 0x5 0x18b0 0x0 0x18c0 0x0 0x18d0 0x0 0x18e0 0x0 0x18f0 0x0 0x1900 0x0 0x1910 0x0 0x1920 0x0 0x1930 0x3 0x1940 0x4 0x1950 0x1 0x1960 0x0 0x1970 0x0 0x1980 0x0 0x1990 0x0 0x19a0 0x0 0x19b0 0x0 0x19c0 0x0 0x19d0 0x0 0x19e0 0x0 0x19f0 0xe 0x1a00 0x1a 0x1a10 0x8 0x1a20 0x0 0x1a30 0x0 0x1a40 0x0 0x1a50 0x0 0x1a60 0x0 0x1a70 0x0 0x1a80 0x9 0x1a90 0xa 0x1aa0 0x0 0x1ab0 0x1 0x1ac0 0x0 0x1ad0 0x8 0x1ae0 0x1 0x1af0 0x8 0x1b00 0x0 0x1b10 0x0 0x1b20 0x0 0x1b30 0x5 0x1b40 0x1 0x1b50 0x0 0x1b60 0x0 0x1b70 0x0 0x1b80 0x1b 0x1b90 0x0 0x1ba0 0x0 0x1bb0 0x0 0x1bc0 0x0 0x1bd0 0x0 0x1be0 0x9 0x1bf0 0x8 0x1c00 0x0 0x1c10 0x5 0x1c20 0x3 0x1c30 0x0 0x1c40 0x0 0x1c50 0x0 0x1c60 0x0 0x1c70 0x0 0x1c80 0x0 0x1c90 0x0 0x1ca0 0x0 0x1cb0 0x0 0x1cc0 0x0 0x1cd0 0x0 0x1ce0 0x3 0x1cf0 0x0 0x1d00 0x54 0x1d10 0x0 0x1d20 0x2 0x1d30 0x6 0x1d40 0x0 0x1d50 0x17 0x1d60 0x7 0x1d70 0x7 0x1d80 0x0 0x1d90 0x0 0x1da0 0x0 0x1db0 0x0 0x1e20 0x0 0x1e20 0x0 0x1e20 0x0 0x1e20 0x0 0x1e20 0x0 0x1e20 0x0 0x1e20 0x0 0x1e20 0x0 0x1e20 0x0 0x1e20 0x0 0x1e20 0x0 0x1e20 0x0 0x1e20 0x0 0x1e20 0x0 0x1e20 0x0 0x1e20 0x0 0x1e20 0x0 0x1e20 0x0 0x1e20 0x0 0x1e20 0x0 0x1e20 0x0 0x1e20 0x0 0x1e20 0x0 0x1dc0 0x0 0x1dd0 0x0 0x1de0 0x0 0x1df0 0x0 0x1e00 0x0 0x1e10 0x4120002 0x2d4 0x41c0002 0x2c5 0x4260002 0x35e 0x4300002 0x0 0x43a0002 0x18 0x4440002 0x18 0x44e0002 0x0 0x4580002 0x592 0x4620002 0x1d7 0x46c0002 0x0 0x4760002 0x1cb2 0x4800002 0x10c 0x48a0002 0x1b7d 0x4940002 0x18b 0x49e0002 0x17ae 0x4a80002 0xaa4 0x4b20002 0x34 0x4bc0002 0xa58 0x4c60002 0x1d80 0x4d00002 0x3a8 0x4da0002 0x10d 0x4e40002 0x1d8 0x4ee0002 0x80 0x4f80002 0x3 0x5020002 0x17 0x50c0002 0x11 0x5170002 0x698 0x5220002 0x0 0x52d0002 0x71 0x5370002 0x3a 0x5410002 0x82 0x54c0002 0x634 0x5570002 0x18b 0x5610002 0x3b 0x56c0002 0x900 0x5770002 0x1e6 0x5820002 0x4 0x58d0002 0x1 0x5970002 0x35 0x5a10002 0x1e4 0x5ab0002 0xd00 0x5b50002 0xcd 0x5bf0002 0x0 0x5c90002 0xe 0x5d30002 0x1 0x5dd0002 0xe0 0x5e70002 0x2f 0x5f10002 0x4 0x5fb0002 0x2 0x6050002 0x4f 0x60f0002 0x381 0x6190002 0x30a 0x6230002 0xf2 0x62d0002 0x16a 0x6370002 0x3a 0x6410002 0x4b 0x64b0002 0x1558 0x6550002 0x6c8 0x65f0002 0x8f 0x6690002 0x4d 0x6730002 0x28 0x67d0002 0xee 0x6870002 0x8a 0x6910002 0x0 0x69b0002 0x6f 0x6a50002 0x4 0x6af0002 0x0 0x6b90002 0x4 0x6c30002 0x0 0x6cd0002 0x16d 0x6d70002 0x0 0x6e10002 0x103 0x6eb0002 0x4 0x6f50002 0x0 0x6ff0002 0x0 0x7090002 0x0 0x7140002 0xd2c 0x71f0002 0x51 0x72a0002 0x2b64 0x7350002 0x3c5 0x7400002 0x0 0x74b0002 0xc 0x7560002 0x0 0x7610002 0x833 0x76c0002 0x3d 0x7770002 0xabb 0x7820002 0x36c 0x78d0002 0x0 0x7980002 0x12 0x7a30002 0x0 0x7ae0002 0x701 0x7b90002 0x8 0x7c40002 0x31e 0x7cf0002 0x4b 0x7da0002 0x0 0x7e50002 0x0 0x7f00002 0x0 0x7fb0002 0x2d 0x8060002 0x4 0x8110002 0xed 0x81c0002 0x14 0x8270002 0x0 0x8320002 0x0 0x83d0002 0x0 0x8480002 0x4231 0x8530002 0x346 0x85e0002 0x14de 0x8690002 0x1181 0x8740002 0x6d7 0x87f0002 0x154 0x88a0002 0x1d 0x8950002 0xa2 0x8a00002 0x6d 0x8ab0002 0x9 0x8b50002 0x5f 0x8bf0002 0x4 0x8c90002 0x0 0x8d30002 0x0 0x8dd0002 0x48 0x8e70002 0x5 0x8f10002 0x25 0x8fb0002 0x1e8 0x9050002 0xb 0x90f0002 0x5 0x9190002 0x9 0x9230002 0x0 0x92d0002 0x9a 0x9370002 0x3 0x9410002 0x49 0x94b0002 0x11 0x9550002 0x0 0x95f0002 0x1c 0x9690002 0x2 0x9730002 0x0 0x97d0002 0x0 0x9870002 0x96 0x9910002 0xdf 0x99b0002 0x1d 0x9a50002 0xb 0x9af0002 0x4 0x9b90002 0xf 0x9c30002 0x2 0x9cd0002 0x2 0x9d70002 0x5 0x9e10002 0x0 0x9eb0002 0x0 0x9f50002 0x6 0x9ff0002 0x6 0xa090002 0x1 0xa130002 0x0 0xa1d0002 0x0 0xa270002 0x4 0xa310002 0x4 0xa3b0002 0x0 0xa450002 0x2 0xa4f0002 0x0 0xa590002 0x2 0xa630002 0x21 0xa6d0002 0x50 0xa770002 0x9d 0xa810002 0x2e 0xa8b0002 0x1 0xa950002 0x0 0xa9f0002 0x3 0xaa90002 0x21 0xab30002 0x2 0xabd0002 0x0 0xac70002 0x1ec 0xad10002 0x132 0xadb0002 0x0 0xae50002 0xa 0xaef0002 0x1 0xaf90002 0x31 0xb030002 0x40 0xb0d0002 0x13 0xb170002 0x1 0xb210002 0x0 0xb2b0002 0x0 0xb350002 0xc 0xb3f0002 0x4 0xb490002 0x0 0xb530002 0x0 0xb5d0002 0x0 0xb670002 0x1b 0xb710002 0x0 0xb7b0002 0x3 0xb850002 0x0 0xb8f0002 0x0 0xb990002 0x1 0xba30002 0x9f 0xbad0002 0x6d 0xbb70002 0x0 0xbc10002 0x53 0xbcb0002 0x8 0xbd50002 0xc 0xbdf0002 0xc 0xbe90002 0x0 0xbf30002 0x3 0xbfd0002 0x0 0xc070002 0x0 0xc110002 0x0 0xc1b0002 0x0 0xc250002 0x1 0xc2f0002 0x0 0xc390002 0x11 0xc430002 0x3 0xc4d0002 0x0 0xc570002 0x1e0 0xc610002 0x1 0xc6b0002 0x26 0xc750002 0x4c 0xc7f0002 0x2 0xc890002 0xc3 0xc930002 0x12 0xc9d0002 0x1a 0xca70002 0x5 0xcb10002 0xb 0xcbb0002 0x3 0xcc60002 0x0 0xcd10002 0x0 0xcdc0002 0x0 0xce70002 0x0 0xcf20002 0x0 0xcfd0002 0x0 0xd090002 0x0 0xd0f0005 0x0 0x0 0x0 0x0 0x0 0xd150002 0x0 0xd180005 0x0 0x0 0x0 0x0 0x0 0xd1b0005 0x0 0x0 0x0 0x0 0x0 0xd1e0002 0x0