#
# There is insufficient memory for the Java Runtime Environment to continue.
# Native memory allocation (malloc) failed to allocate 1097696 bytes for Chunk::new
# Possible reasons:
#   The system is out of physical RAM or swap space
#   In 32 bit mode, the process size limit was hit
# Possible solutions:
#   Reduce memory load on the system
#   Increase physical memory or swap space
#   Check if swap backing store is full
#   Use 64 bit Java on a 64 bit OS
#   Decrease Java heap size (-Xmx/-Xms)
#   Decrease number of Java threads
#   Decrease Java thread stack sizes (-Xss)
#   Set larger code cache with -XX:ReservedCodeCacheSize=
# This output file may be truncated or incomplete.
#
#  Out of Memory Error (allocation.cpp:390), pid=5252, tid=0x0000000000001ea8
#
# JRE version: OpenJDK Runtime Environment (8.0_152-b01) (build 1.8.0_152-release-1343-b01)
# Java VM: OpenJDK 64-Bit Server VM (25.152-b01 mixed mode windows-amd64 compressed oops)
# Failed to write core dump. Minidumps are not enabled by default on client versions of Windows
#

---------------  T H R E A D  ---------------

Current thread (0x0000000016b0b000):  JavaThread "C2 CompilerThread1" daemon [_thread_in_native, id=7848, stack(0x0000000018270000,0x0000000018370000)]

Stack: [0x0000000018270000,0x0000000018370000]
[error occurred during error reporting (printing stack bounds), id 0xc0000005]

Native frames: (J=compiled Java code, j=interpreted, Vv=VM code, C=native code)


Current CompileTask:
C2:5122966 26324       4       org.gradle.internal.graph.CachingDirectedGraphWalker::doSearch (659 bytes)


---------------  P R O C E S S  ---------------

Java Threads: ( => current thread )
  0x000000001fff9000 JavaThread "Cache worker for execution history cache (C:\Users\acer\Documents\smkcoding_online_project_2\ProjectTwo\.gradle\5.1.1\executionHistory)" [_thread_blocked, id=4304, stack(0x0000000028c60000,0x0000000028d60000)]
  0x000000001fffd000 JavaThread "Execution worker for ':' Thread 3" [_thread_blocked, id=8660, stack(0x0000000028b60000,0x0000000028c60000)]
  0x0000000020000000 JavaThread "Execution worker for ':' Thread 2" [_thread_in_native, id=1836, stack(0x0000000025920000,0x0000000025a20000)]
  0x000000001fffc000 JavaThread "Execution worker for ':'" [_thread_in_Java, id=212, stack(0x0000000025620000,0x0000000025720000)]
  0x000000001fff8800 JavaThread "Cache worker for file content cache (C:\Users\acer\Documents\smkcoding_online_project_2\ProjectTwo\.gradle\5.1.1\fileContent)" [_thread_blocked, id=10088, stack(0x0000000024d20000,0x0000000024e20000)]
  0x000000001fffa000 JavaThread "Cache worker for Build Output Cleanup Cache (C:\Users\acer\Documents\smkcoding_online_project_2\ProjectTwo\.gradle\buildOutputCleanup)" [_thread_blocked, id=9256, stack(0x0000000024a20000,0x0000000024b20000)]
  0x000000001fffa800 JavaThread "Build operations Thread 4" [_thread_blocked, id=8776, stack(0x0000000024520000,0x0000000024620000)]
  0x000000001ffff800 JavaThread "Build operations Thread 3" [_thread_blocked, id=4940, stack(0x0000000024420000,0x0000000024520000)]
  0x000000001fff6000 JavaThread "Build operations Thread 2" [_thread_blocked, id=4280, stack(0x0000000023bb0000,0x0000000023cb0000)]
  0x000000001a182800 JavaThread "Build operations" [_thread_blocked, id=7364, stack(0x0000000022300000,0x0000000022400000)]
  0x000000001a182000 JavaThread "Cache worker for cache directory md-rule (C:\Users\acer\.gradle\caches\5.1.1\md-rule)" [_thread_blocked, id=10108, stack(0x0000000022200000,0x0000000022300000)]
  0x000000001a17f800 JavaThread "Cache worker for cache directory md-supplier (C:\Users\acer\.gradle\caches\5.1.1\md-supplier)" [_thread_blocked, id=5856, stack(0x0000000022100000,0x0000000022200000)]
  0x000000001a181000 JavaThread "Cache worker for file hash cache (C:\Users\acer\Documents\smkcoding_online_project_2\ProjectTwo\.gradle\5.1.1\fileHashes)" [_thread_blocked, id=7220, stack(0x0000000022000000,0x0000000022100000)]
  0x000000001a185000 JavaThread "Thread-174" [_thread_blocked, id=9700, stack(0x0000000020c60000,0x0000000020d60000)]
  0x000000001a180800 JavaThread "Stdin handler" [_thread_blocked, id=4208, stack(0x000000001eed0000,0x000000001efd0000)]
  0x000000001a17f000 JavaThread "Asynchronous log dispatcher for DefaultDaemonConnection: socket connection from /127.0.0.1:49883 to /127.0.0.1:50099" [_thread_blocked, id=5348, stack(0x000000001eb30000,0x000000001ec30000)]
  0x000000001a184000 JavaThread "Cancel handler" [_thread_blocked, id=4576, stack(0x000000001b0c0000,0x000000001b1c0000)]
  0x000000001a183800 JavaThread "Handler for socket connection from /127.0.0.1:49883 to /127.0.0.1:50099" [_thread_in_native, id=2012, stack(0x000000001adc0000,0x000000001aec0000)]
  0x000000001cc83000 JavaThread "RMI Reaper" [_thread_blocked, id=3704, stack(0x0000000028a60000,0x0000000028b60000)]
  0x000000001cc7d800 JavaThread "GC Daemon" daemon [_thread_blocked, id=6676, stack(0x0000000025720000,0x0000000025820000)]
  0x000000001fff7800 JavaThread "Daemon worker Thread 6" [_thread_blocked, id=5940, stack(0x000000001d860000,0x000000001d960000)]
  0x000000001fffb800 JavaThread "Daemon Thread 6" [_thread_blocked, id=4944, stack(0x000000001a9c0000,0x000000001aac0000)]
  0x000000001fff5800 JavaThread "Cache worker for Java compile cache (C:\Users\acer\.gradle\caches\5.1.1\javaCompile)" [_thread_blocked, id=6768, stack(0x0000000025820000,0x0000000025920000)]
  0x000000001fff4000 JavaThread "RMI TCP Accept-0" daemon [_thread_in_native, id=120, stack(0x0000000025520000,0x0000000025620000)]
  0x000000001fff7000 JavaThread "RMI Scheduler(0)" daemon [_thread_blocked, id=8144, stack(0x00000000015e0000,0x00000000016e0000)]
  0x000000001cc78800 JavaThread "Cache worker for file content cache (C:\Users\acer\.gradle\caches\5.1.1\fileContent)" [_thread_blocked, id=8228, stack(0x0000000023d20000,0x0000000023e20000)]
  0x000000001cc7b800 JavaThread "Memory manager" [_thread_blocked, id=6556, stack(0x0000000023400000,0x0000000023500000)]
  0x000000001cc7e800 JavaThread "Cache worker for execution history cache (C:\Users\acer\.gradle\caches\5.1.1\executionHistory)" [_thread_blocked, id=4340, stack(0x0000000020960000,0x0000000020a60000)]
  0x0000000019b61000 JavaThread "Cache worker for journal cache (C:\Users\acer\.gradle\caches\journal-1)" [_thread_blocked, id=236, stack(0x000000001b5c0000,0x000000001b6c0000)]
  0x0000000019b5d800 JavaThread "File lock request listener" [_thread_in_native, id=8652, stack(0x000000001b4c0000,0x000000001b5c0000)]
  0x0000000019b5b000 JavaThread "Cache worker for file hash cache (C:\Users\acer\.gradle\caches\5.1.1\fileHashes)" [_thread_blocked, id=8304, stack(0x000000001b3c0000,0x000000001b4c0000)]
  0x000000001992a800 JavaThread "Daemon periodic checks" [_thread_blocked, id=7376, stack(0x000000001aac0000,0x000000001abc0000)]
  0x0000000019ae9800 JavaThread "Incoming local TCP Connector on port 49883" [_thread_in_native, id=7864, stack(0x000000001a780000,0x000000001a880000)]
  0x0000000018490800 JavaThread "Service Thread" daemon [_thread_blocked, id=5124, stack(0x0000000018870000,0x0000000018970000)]
  0x0000000016b13000 JavaThread "C1 CompilerThread2" daemon [_thread_blocked, id=5944, stack(0x0000000018370000,0x0000000018470000)]
=>0x0000000016b0b000 JavaThread "C2 CompilerThread1" daemon [_thread_in_native, id=7848, stack(0x0000000018270000,0x0000000018370000)]
  0x0000000016b08000 JavaThread "C2 CompilerThread0" daemon [_thread_in_native, id=8332, stack(0x0000000018170000,0x0000000018270000)]
  0x0000000016b15800 JavaThread "Attach Listener" daemon [_thread_blocked, id=8316, stack(0x0000000018070000,0x0000000018170000)]
  0x0000000016b14000 JavaThread "Signal Dispatcher" daemon [_thread_blocked, id=2424, stack(0x0000000017f70000,0x0000000018070000)]
  0x000000000319b000 JavaThread "Finalizer" daemon [_thread_blocked, id=9184, stack(0x0000000017d70000,0x0000000017e70000)]
  0x0000000003190000 JavaThread "Reference Handler" daemon [_thread_blocked, id=7512, stack(0x0000000017c70000,0x0000000017d70000)]
  0x0000000002f4d800 JavaThread "main" [_thread_blocked, id=6892, stack(0x0000000002f50000,0x0000000003050000)]

Other Threads:
  0x0000000016ad5800 VMThread [stack: 0x0000000017b70000,0x0000000017c70000] [id=8420]
  0x0000000016b6a800 WatcherThread [stack: 0x0000000018970000,0x0000000018a70000] [id=8220]

VM state:not at safepoint (normal execution)

VM Mutex/Monitor currently owned by a thread: None

Heap:
 PSYoungGen      total 336384K, used 299706K [0x00000000e0000000, 0x00000000fa180000, 0x0000000100000000)
  eden space 275456K, 86% used [0x00000000e0000000,0x00000000ee930f48,0x00000000f0d00000)
  from space 60928K, 99% used [0x00000000f5600000,0x00000000f917d908,0x00000000f9180000)
  to   space 74752K, 0% used [0x00000000f0d00000,0x00000000f0d00000,0x00000000f5600000)
 ParOldGen       total 170496K, used 78735K [0x00000000a0000000, 0x00000000aa680000, 0x00000000e0000000)
  object space 170496K, 46% used [0x00000000a0000000,0x00000000a4ce3c58,0x00000000aa680000)
 Metaspace       used 102841K, capacity 106727K, committed 110228K, reserved 1144832K
  class space    used 12693K, capacity 13405K, committed 14524K, reserved 1048576K

Card table byte_map: [0x0000000012560000,0x0000000012870000] byte_map_base: 0x0000000012060000

Marking Bits: (ParMarkBitMap*) 0x0000000050e75aa0
 Begin Bits: [0x0000000012e70000, 0x0000000014670000)
 End Bits:   [0x0000000014670000, 0x0000000015e70000)

Polling page: 0x0000000001870000

CodeCache: size=245760Kb used=67728Kb max_used=67896Kb free=178031Kb
 bounds [0x00000000031a0000, 0x00000000074d0000, 0x00000000121a0000]
 total_blobs=20909 nmethods=19978 adapters=842
 compilation: enabled

Compilation events (10 events):
Event: 5121.471 Thread 0x0000000016b13000 26346       3       org.gradle.api.internal.artifacts.transform.TransformationNode$InitialTransformationNode$1::describeSubject (36 bytes)
Event: 5121.474 Thread 0x0000000016b13000 nmethod 26346 0x0000000004c6b890 code [0x0000000004c6ba60, 0x0000000004c6c2b8]
Event: 5121.555 Thread 0x0000000016b13000 26347       2       org.gradle.internal.fingerprint.impl.DefaultCurrentFileCollectionFingerprint::visitChangesSince (34 bytes)
Event: 5121.557 Thread 0x0000000016b13000 nmethod 26347 0x000000000366ad90 code [0x000000000366af40, 0x000000000366b2e8]
Event: 5121.761 Thread 0x0000000016b0b000 nmethod 26301 0x00000000074c40d0 code [0x00000000074c44c0, 0x00000000074c6cb0]
Event: 5121.762 Thread 0x0000000016b0b000 26337       4       java.util.HashMap::getNode (148 bytes)
Event: 5121.774 Thread 0x0000000016b0b000 nmethod 26337 0x0000000006a85790 code [0x0000000006a858e0, 0x0000000006a85ac8]
Event: 5121.774 Thread 0x0000000016b0b000 26324       4       org.gradle.internal.graph.CachingDirectedGraphWalker::doSearch (659 bytes)
Event: 5121.919 Thread 0x0000000016b13000 26348       3       org.gradle.execution.plan.Node::isFailed (20 bytes)
Event: 5121.920 Thread 0x0000000016b13000 nmethod 26348 0x00000000051baf10 code [0x00000000051bb080, 0x00000000051bb3c8]

GC Heap History (10 events):
Event: 5035.083 GC heap before
{Heap before GC invocations=27 (full 5):
 PSYoungGen      total 287744K, used 287628K [0x00000000e0000000, 0x00000000f5f80000, 0x0000000100000000)
  eden space 254464K, 100% used [0x00000000e0000000,0x00000000ef880000,0x00000000ef880000)
  from space 33280K, 99% used [0x00000000f0200000,0x00000000f2263048,0x00000000f2280000)
  to   space 52736K, 0% used [0x00000000f2c00000,0x00000000f2c00000,0x00000000f5f80000)
 ParOldGen       total 170496K, used 41463K [0x00000000a0000000, 0x00000000aa680000, 0x00000000e0000000)
  object space 170496K, 24% used [0x00000000a0000000,0x00000000a287dc38,0x00000000aa680000)
 Metaspace       used 100150K, capacity 103695K, committed 110228K, reserved 1144832K
  class space    used 12475K, capacity 13163K, committed 14524K, reserved 1048576K
Event: 5035.156 GC heap after
Heap after GC invocations=27 (full 5):
 PSYoungGen      total 283648K, used 21185K [0x00000000e0000000, 0x00000000f5180000, 0x0000000100000000)
  eden space 245248K, 0% used [0x00000000e0000000,0x00000000e0000000,0x00000000eef80000)
  from space 38400K, 55% used [0x00000000f2c00000,0x00000000f40b0528,0x00000000f5180000)
  to   space 50176K, 0% used [0x00000000eef80000,0x00000000eef80000,0x00000000f2080000)
 ParOldGen       total 170496K, used 41471K [0x00000000a0000000, 0x00000000aa680000, 0x00000000e0000000)
  object space 170496K, 24% used [0x00000000a0000000,0x00000000a287fc38,0x00000000aa680000)
 Metaspace       used 100150K, capacity 103695K, committed 110228K, reserved 1144832K
  class space    used 12475K, capacity 13163K, committed 14524K, reserved 1048576K
}
Event: 5038.371 GC heap before
{Heap before GC invocations=28 (full 5):
 PSYoungGen      total 283648K, used 266433K [0x00000000e0000000, 0x00000000f5180000, 0x0000000100000000)
  eden space 245248K, 100% used [0x00000000e0000000,0x00000000eef80000,0x00000000eef80000)
  from space 38400K, 55% used [0x00000000f2c00000,0x00000000f40b0528,0x00000000f5180000)
  to   space 50176K, 0% used [0x00000000eef80000,0x00000000eef80000,0x00000000f2080000)
 ParOldGen       total 170496K, used 41471K [0x00000000a0000000, 0x00000000aa680000, 0x00000000e0000000)
  object space 170496K, 24% used [0x00000000a0000000,0x00000000a287fc38,0x00000000aa680000)
 Metaspace       used 100285K, capacity 103931K, committed 110228K, reserved 1144832K
  class space    used 12490K, capacity 13183K, committed 14524K, reserved 1048576K
Event: 5038.430 GC heap after
Heap after GC invocations=28 (full 5):
 PSYoungGen      total 257536K, used 20608K [0x00000000e0000000, 0x00000000f4500000, 0x0000000100000000)
  eden space 236544K, 0% used [0x00000000e0000000,0x00000000e0000000,0x00000000ee700000)
  from space 20992K, 98% used [0x00000000eef80000,0x00000000f03a00b0,0x00000000f0400000)
  to   space 48128K, 0% used [0x00000000f1600000,0x00000000f1600000,0x00000000f4500000)
 ParOldGen       total 170496K, used 41471K [0x00000000a0000000, 0x00000000aa680000, 0x00000000e0000000)
  object space 170496K, 24% used [0x00000000a0000000,0x00000000a287fc38,0x00000000aa680000)
 Metaspace       used 100285K, capacity 103931K, committed 110228K, reserved 1144832K
  class space    used 12490K, capacity 13183K, committed 14524K, reserved 1048576K
}
Event: 5051.037 GC heap before
{Heap before GC invocations=29 (full 5):
 PSYoungGen      total 257536K, used 256901K [0x00000000e0000000, 0x00000000f4500000, 0x0000000100000000)
  eden space 236544K, 99% used [0x00000000e0000000,0x00000000ee6c1430,0x00000000ee700000)
  from space 20992K, 98% used [0x00000000eef80000,0x00000000f03a00b0,0x00000000f0400000)
  to   space 48128K, 0% used [0x00000000f1600000,0x00000000f1600000,0x00000000f4500000)
 ParOldGen       total 170496K, used 41471K [0x00000000a0000000, 0x00000000aa680000, 0x00000000e0000000)
  object space 170496K, 24% used [0x00000000a0000000,0x00000000a287fc38,0x00000000aa680000)
 Metaspace       used 102016K, capacity 105745K, committed 110228K, reserved 1144832K
  class space    used 12611K, capacity 13312K, committed 14524K, reserved 1048576K
Event: 5051.110 GC heap after
Heap after GC invocations=29 (full 5):
 PSYoungGen      total 264192K, used 24346K [0x00000000e0000000, 0x00000000f3900000, 0x0000000100000000)
  eden space 228352K, 0% used [0x00000000e0000000,0x00000000e0000000,0x00000000edf00000)
  from space 35840K, 67% used [0x00000000f1600000,0x00000000f2dc6ae0,0x00000000f3900000)
  to   space 46080K, 0% used [0x00000000edf00000,0x00000000edf00000,0x00000000f0c00000)
 ParOldGen       total 170496K, used 41479K [0x00000000a0000000, 0x00000000aa680000, 0x00000000e0000000)
  object space 170496K, 24% used [0x00000000a0000000,0x00000000a2881c38,0x00000000aa680000)
 Metaspace       used 102016K, capacity 105745K, committed 110228K, reserved 1144832K
  class space    used 12611K, capacity 13312K, committed 14524K, reserved 1048576K
}
Event: 5055.088 GC heap before
{Heap before GC invocations=30 (full 5):
 PSYoungGen      total 264192K, used 252698K [0x00000000e0000000, 0x00000000f3900000, 0x0000000100000000)
  eden space 228352K, 100% used [0x00000000e0000000,0x00000000edf00000,0x00000000edf00000)
  from space 35840K, 67% used [0x00000000f1600000,0x00000000f2dc6ae0,0x00000000f3900000)
  to   space 46080K, 0% used [0x00000000edf00000,0x00000000edf00000,0x00000000f0c00000)
 ParOldGen       total 170496K, used 41479K [0x00000000a0000000, 0x00000000aa680000, 0x00000000e0000000)
  object space 170496K, 24% used [0x00000000a0000000,0x00000000a2881c38,0x00000000aa680000)
 Metaspace       used 102388K, capacity 106239K, committed 110228K, reserved 1144832K
  class space    used 12643K, capacity 13353K, committed 14524K, reserved 1048576K
Event: 5055.625 GC heap after
Heap after GC invocations=30 (full 5):
 PSYoungGen      total 274432K, used 46066K [0x00000000e0000000, 0x00000000f9180000, 0x0000000100000000)
  eden space 228352K, 0% used [0x00000000e0000000,0x00000000e0000000,0x00000000edf00000)
  from space 46080K, 99% used [0x00000000edf00000,0x00000000f0bfcbd0,0x00000000f0c00000)
  to   space 60928K, 0% used [0x00000000f5600000,0x00000000f5600000,0x00000000f9180000)
 ParOldGen       total 170496K, used 65131K [0x00000000a0000000, 0x00000000aa680000, 0x00000000e0000000)
  object space 170496K, 38% used [0x00000000a0000000,0x00000000a3f9ac08,0x00000000aa680000)
 Metaspace       used 102388K, capacity 106239K, committed 110228K, reserved 1144832K
  class space    used 12643K, capacity 13353K, committed 14524K, reserved 1048576K
}
Event: 5059.884 GC heap before
{Heap before GC invocations=31 (full 5):
 PSYoungGen      total 274432K, used 274213K [0x00000000e0000000, 0x00000000f9180000, 0x0000000100000000)
  eden space 228352K, 99% used [0x00000000e0000000,0x00000000edeccbb0,0x00000000edf00000)
  from space 46080K, 99% used [0x00000000edf00000,0x00000000f0bfcbd0,0x00000000f0c00000)
  to   space 60928K, 0% used [0x00000000f5600000,0x00000000f5600000,0x00000000f9180000)
 ParOldGen       total 170496K, used 65131K [0x00000000a0000000, 0x00000000aa680000, 0x00000000e0000000)
  object space 170496K, 38% used [0x00000000a0000000,0x00000000a3f9ac08,0x00000000aa680000)
 Metaspace       used 102444K, capacity 106253K, committed 110228K, reserved 1144832K
  class space    used 12648K, capacity 13358K, committed 14524K, reserved 1048576K
Event: 5060.229 GC heap after
Heap after GC invocations=31 (full 5):
 PSYoungGen      total 336384K, used 60918K [0x00000000e0000000, 0x00000000fa180000, 0x0000000100000000)
  eden space 275456K, 0% used [0x00000000e0000000,0x00000000e0000000,0x00000000f0d00000)
  from space 60928K, 99% used [0x00000000f5600000,0x00000000f917d908,0x00000000f9180000)
  to   space 74752K, 0% used [0x00000000f0d00000,0x00000000f0d00000,0x00000000f5600000)
 ParOldGen       total 170496K, used 78735K [0x00000000a0000000, 0x00000000aa680000, 0x00000000e0000000)
  object space 170496K, 46% used [0x00000000a0000000,0x00000000a4ce3c58,0x00000000aa680000)
 Metaspace       used 102444K, capacity 106253K, committed 110228K, reserved 1144832K
  class space    used 12648K, capacity 13358K, committed 14524K, reserved 1048576K
}

Deoptimization events (10 events):
Event: 5083.071 Thread 0x000000001fff7800 Uncommon trap: reason=unstable_if action=reinterpret pc=0x00000000069a544c method=java.util.AbstractList.equals(Ljava/lang/Object;)Z @ 11
Event: 5083.074 Thread 0x000000001fff7800 Uncommon trap: reason=bimorphic action=maybe_recompile pc=0x0000000003a639e4 method=java.util.concurrent.CopyOnWriteArrayList.indexOf(Ljava/lang/Object;[Ljava/lang/Object;II)I @ 46
Event: 5083.074 Thread 0x000000001fff7800 Uncommon trap: reason=bimorphic action=maybe_recompile pc=0x0000000003a639e4 method=java.util.concurrent.CopyOnWriteArrayList.indexOf(Ljava/lang/Object;[Ljava/lang/Object;II)I @ 46
Event: 5083.074 Thread 0x000000001fff7800 Uncommon trap: reason=bimorphic action=maybe_recompile pc=0x0000000003a639e4 method=java.util.concurrent.CopyOnWriteArrayList.indexOf(Ljava/lang/Object;[Ljava/lang/Object;II)I @ 46
Event: 5083.074 Thread 0x000000001fff7800 Uncommon trap: reason=bimorphic action=maybe_recompile pc=0x0000000003a639e4 method=java.util.concurrent.CopyOnWriteArrayList.indexOf(Ljava/lang/Object;[Ljava/lang/Object;II)I @ 46
Event: 5121.024 Thread 0x000000001fff7800 Uncommon trap: reason=class_check action=maybe_recompile pc=0x0000000003b6b2f4 method=org.gradle.api.internal.artifacts.configurations.DefaultConfiguration.runDependencyActions()V @ 8
Event: 5121.401 Thread 0x000000001fff7800 Uncommon trap: reason=bimorphic action=maybe_recompile pc=0x00000000048ac180 method=com.sun.org.apache.xerces.internal.dom.ElementImpl.getAttributes()Lorg/w3c/dom/NamedNodeMap; @ 8
Event: 5121.402 Thread 0x000000001fff7800 Uncommon trap: reason=class_check action=maybe_recompile pc=0x0000000005ff1674 method=com.sun.org.apache.xerces.internal.dom.ParentNode.getChildNodes()Lorg/w3c/dom/NodeList; @ 8
Event: 5121.402 Thread 0x000000001fff7800 Uncommon trap: reason=speculate_class_check action=maybe_recompile pc=0x00000000048ba754 method=com.sun.org.apache.xerces.internal.dom.ElementImpl.getNodeName()Ljava/lang/String; @ 8
Event: 5121.402 Thread 0x000000001fff7800 Uncommon trap: reason=speculate_class_check action=maybe_recompile pc=0x00000000048ba754 method=com.sun.org.apache.xerces.internal.dom.ElementImpl.getNodeName()Ljava/lang/String; @ 8

Classes redefined (0 events):
No events

Internal exceptions (10 events):
Event: 5082.218 Thread 0x000000001cc7f000 Exception <a 'java/lang/reflect/InvocationTargetException'> (0x00000000eacaaf90) thrown at [D:\src\AOSP-openjdk-cygwin\jdk8u\hotspot\src\share\vm\runtime\reflection.cpp, line 1092]
Event: 5082.430 Thread 0x000000001fff6000 Exception <a 'java/lang/NoSuchMethodError': <clinit>> (0x00000000eb0a9ac8) thrown at [D:\src\AOSP-openjdk-cygwin\jdk8u\hotspot\src\share\vm\prims\jni.cpp, line 1613]
Event: 5082.435 Thread 0x000000001fff6000 Exception <a 'java/lang/NoSuchMethodError': <clinit>> (0x00000000eb0bb938) thrown at [D:\src\AOSP-openjdk-cygwin\jdk8u\hotspot\src\share\vm\prims\jni.cpp, line 1613]
Event: 5082.485 Thread 0x000000001fff6000 Exception <a 'java/lang/NoSuchMethodError': <clinit>> (0x00000000eb21acc8) thrown at [D:\src\AOSP-openjdk-cygwin\jdk8u\hotspot\src\share\vm\prims\jni.cpp, line 1613]
Event: 5083.220 Thread 0x000000001fffb800 Exception <a 'java/lang/NoSuchMethodError': <clinit>> (0x00000000eb80f330) thrown at [D:\src\AOSP-openjdk-cygwin\jdk8u\hotspot\src\share\vm\prims\jni.cpp, line 1613]
Event: 5083.222 Thread 0x000000001fffb800 Exception <a 'java/lang/NoSuchMethodError': <clinit>> (0x00000000eb8b0a30) thrown at [D:\src\AOSP-openjdk-cygwin\jdk8u\hotspot\src\share\vm\prims\jni.cpp, line 1613]
Event: 5083.223 Thread 0x000000001fffb800 Exception <a 'java/lang/NoSuchMethodError': <clinit>> (0x00000000eb8bb198) thrown at [D:\src\AOSP-openjdk-cygwin\jdk8u\hotspot\src\share\vm\prims\jni.cpp, line 1613]
Event: 5083.226 Thread 0x000000001fffb800 Exception <a 'java/lang/NoSuchMethodError': <clinit>> (0x00000000eb8d4968) thrown at [D:\src\AOSP-openjdk-cygwin\jdk8u\hotspot\src\share\vm\prims\jni.cpp, line 1613]
Event: 5083.227 Thread 0x000000001fffb800 Exception <a 'java/lang/NoSuchMethodError': <clinit>> (0x00000000eb8e50d8) thrown at [D:\src\AOSP-openjdk-cygwin\jdk8u\hotspot\src\share\vm\prims\jni.cpp, line 1613]
Event: 5118.739 Thread 0x000000001fff7800 Exception <a 'sun/nio/fs/WindowsException'> (0x00000000ec52a608) thrown at [D:\src\AOSP-openjdk-cygwin\jdk8u\hotspot\src\share\vm\prims\jni.cpp, line 709]

Events (10 events):
Event: 5121.402 Thread 0x000000001fff7800 Uncommon trap: trap_request=0xffffff76 fr.pc=0x00000000048ba754
Event: 5121.402 Thread 0x000000001fff7800 DEOPT PACKING pc=0x00000000048ba754 sp=0x000000001d959820
Event: 5121.402 Thread 0x000000001fff7800 DEOPT UNPACKING pc=0x00000000031e557b sp=0x000000001d9597e8 mode 2
Event: 5121.402 Thread 0x000000001fff7800 Uncommon trap: trap_request=0xffffff76 fr.pc=0x00000000048ba754
Event: 5121.402 Thread 0x000000001fff7800 DEOPT PACKING pc=0x00000000048ba754 sp=0x000000001d959820
Event: 5121.402 Thread 0x000000001fff7800 DEOPT UNPACKING pc=0x00000000031e557b sp=0x000000001d9597e8 mode 2
Event: 5121.411 Executing VM operation: RevokeBias
Event: 5121.412 Executing VM operation: RevokeBias done
Event: 5121.412 Executing VM operation: RevokeBias
Event: 5121.413 Executing VM operation: RevokeBias done


Dynamic libraries:
0x00007ff6747b0000 - 0x00007ff6747e1000 	C:\Program Files\Android\Android Studio\jre\bin\java.exe
0x00007ffd0a000000 - 0x00007ffd0a1f0000 	C:\WINDOWS\SYSTEM32\ntdll.dll
0x00007ffd08200000 - 0x00007ffd082b2000 	C:\WINDOWS\System32\KERNEL32.DLL
0x00007ffd06f90000 - 0x00007ffd07233000 	C:\WINDOWS\System32\KERNELBASE.dll
0x00007ffd087c0000 - 0x00007ffd08863000 	C:\WINDOWS\System32\ADVAPI32.dll
0x00007ffd08510000 - 0x00007ffd085ae000 	C:\WINDOWS\System32\msvcrt.dll
0x00007ffd09eb0000 - 0x00007ffd09f47000 	C:\WINDOWS\System32\sechost.dll
0x00007ffd08f60000 - 0x00007ffd09080000 	C:\WINDOWS\System32\RPCRT4.dll
0x00007ffd09160000 - 0x00007ffd092f4000 	C:\WINDOWS\System32\USER32.dll
0x00007ffd07490000 - 0x00007ffd074b1000 	C:\WINDOWS\System32\win32u.dll
0x00007ffd09a10000 - 0x00007ffd09a36000 	C:\WINDOWS\System32\GDI32.dll
0x00007ffd072f0000 - 0x00007ffd07484000 	C:\WINDOWS\System32\gdi32full.dll
0x00007ffd074c0000 - 0x00007ffd0755e000 	C:\WINDOWS\System32\msvcp_win.dll
0x00007ffd07610000 - 0x00007ffd0770a000 	C:\WINDOWS\System32\ucrtbase.dll
0x00007ffcf70f0000 - 0x00007ffcf7375000 	C:\WINDOWS\WinSxS\amd64_microsoft.windows.common-controls_6595b64144ccf1df_6.0.18362.778_none_e6c6b761130d4fb8\COMCTL32.dll
0x00007ffd093d0000 - 0x00007ffd09706000 	C:\WINDOWS\System32\combase.dll
0x00007ffd08030000 - 0x00007ffd080b0000 	C:\WINDOWS\System32\bcryptPrimitives.dll
0x00007ffd083f0000 - 0x00007ffd0841e000 	C:\WINDOWS\System32\IMM32.DLL
0x00000000504f0000 - 0x00000000505c2000 	C:\Program Files\Android\Android Studio\jre\jre\bin\msvcr100.dll
0x00000000506b0000 - 0x0000000050ef1000 	C:\Program Files\Android\Android Studio\jre\jre\bin\server\jvm.dll
0x00007ffd09080000 - 0x00007ffd09088000 	C:\WINDOWS\System32\PSAPI.DLL
0x00007ffcfefb0000 - 0x00007ffcfefba000 	C:\WINDOWS\SYSTEM32\VERSION.dll
0x00007ffd049f0000 - 0x00007ffd04a14000 	C:\WINDOWS\SYSTEM32\WINMM.dll
0x00007ffcfd0a0000 - 0x00007ffcfd0a9000 	C:\WINDOWS\SYSTEM32\WSOCK32.dll
0x00007ffd08420000 - 0x00007ffd0848f000 	C:\WINDOWS\System32\WS2_32.dll
0x00007ffd049c0000 - 0x00007ffd049ed000 	C:\WINDOWS\SYSTEM32\winmmbase.dll
0x00007ffd07fe0000 - 0x00007ffd0802a000 	C:\WINDOWS\System32\cfgmgr32.dll
0x00007ffcfd090000 - 0x00007ffcfd09f000 	C:\Program Files\Android\Android Studio\jre\jre\bin\verify.dll
0x00007ffce7ea0000 - 0x00007ffce7ec9000 	C:\Program Files\Android\Android Studio\jre\jre\bin\java.dll
0x00007ffcfd050000 - 0x00007ffcfd066000 	C:\Program Files\Android\Android Studio\jre\jre\bin\zip.dll
0x00007ffd08870000 - 0x00007ffd08f55000 	C:\WINDOWS\System32\SHELL32.dll
0x00007ffd085b0000 - 0x00007ffd08659000 	C:\WINDOWS\System32\shcore.dll
0x00007ffd07710000 - 0x00007ffd07e90000 	C:\WINDOWS\System32\windows.storage.dll
0x00007ffd06f20000 - 0x00007ffd06f43000 	C:\WINDOWS\System32\profapi.dll
0x00007ffd06ed0000 - 0x00007ffd06f1a000 	C:\WINDOWS\System32\powrprof.dll
0x00007ffd06ec0000 - 0x00007ffd06ed0000 	C:\WINDOWS\System32\UMPDC.dll
0x00007ffd09800000 - 0x00007ffd09852000 	C:\WINDOWS\System32\shlwapi.dll
0x00007ffd06f50000 - 0x00007ffd06f61000 	C:\WINDOWS\System32\kernel.appcore.dll
0x00007ffd07560000 - 0x00007ffd07577000 	C:\WINDOWS\System32\cryptsp.dll
0x00007ffcf5910000 - 0x00007ffcf592a000 	C:\Program Files\Android\Android Studio\jre\jre\bin\net.dll
0x00007ffd066d0000 - 0x00007ffd06737000 	C:\WINDOWS\system32\mswsock.dll
0x00007ffce8430000 - 0x00007ffce8441000 	C:\Program Files\Android\Android Studio\jre\jre\bin\nio.dll
0x00007ffd03830000 - 0x00007ffd0384e000 	C:\Users\acer\.gradle\native\25\windows-amd64\native-platform.dll
0x00007ffcf59a0000 - 0x00007ffcf59ad000 	C:\Program Files\Android\Android Studio\jre\jre\bin\management.dll
0x00007ffd06240000 - 0x00007ffd06273000 	C:\WINDOWS\system32\rsaenh.dll
0x00007ffd075e0000 - 0x00007ffd07606000 	C:\WINDOWS\System32\bcrypt.dll
0x00007ffd06de0000 - 0x00007ffd06e05000 	C:\WINDOWS\SYSTEM32\USERENV.dll
0x00007ffd068a0000 - 0x00007ffd068ac000 	C:\WINDOWS\SYSTEM32\CRYPTBASE.dll
0x00007ffd063e0000 - 0x00007ffd0641a000 	C:\WINDOWS\SYSTEM32\IPHLPAPI.DLL
0x00007ffd09790000 - 0x00007ffd09798000 	C:\WINDOWS\System32\NSI.dll
0x00007ffcfff90000 - 0x00007ffcfffa6000 	C:\WINDOWS\SYSTEM32\dhcpcsvc6.DLL
0x00007ffd005d0000 - 0x00007ffd005ec000 	C:\WINDOWS\SYSTEM32\dhcpcsvc.DLL
0x00007ffd06420000 - 0x00007ffd064ea000 	C:\WINDOWS\SYSTEM32\DNSAPI.dll
0x00007ffcf58c0000 - 0x00007ffcf58de000 	C:\Users\acer\AppData\Local\Temp\native-platform3328850198273009094dir\native-platform.dll
0x00007ffd05ef0000 - 0x00007ffd05f21000 	C:\WINDOWS\SYSTEM32\ntmarta.dll

VM Arguments:
jvm_args: -Xmx1536m -Dfile.encoding=windows-1252 -Duser.country=US -Duser.language=en -Duser.variant 
java_command: org.gradle.launcher.daemon.bootstrap.GradleDaemon 5.1.1
java_class_path (initial): C:\Users\acer\.gradle\wrapper\dists\gradle-5.1.1-all\97z1ksx6lirer3kbvdnh7jtjg\gradle-5.1.1\lib\gradle-launcher-5.1.1.jar
Launcher Type: SUN_STANDARD

Environment Variables:
PATH=C:\WINDOWS\system32;C:\WINDOWS;C:\WINDOWS\System32\Wbem;C:\WINDOWS\System32\WindowsPowerShell\v1.0\;C:\WINDOWS\System32\OpenSSH\;C:\Program Files\Git\cmd;C:\xampp\php;C:\ProgramData\ComposerSetup\bin;C:\Users\acer\AppData\Local\Microsoft\WindowsApps;C:\Users\acer\AppData\Roaming\Composer\vendor\bin;C:\Users\acer\AppData\Local\Programs\Microsoft VS Code\bin
USERNAME=acer
OS=Windows_NT
PROCESSOR_IDENTIFIER=Intel64 Family 6 Model 37 Stepping 5, GenuineIntel



---------------  S Y S T E M  ---------------

OS: Windows 10.0 , 64 bit Build 18362 (10.0.18362.778)

CPU:total 4 (initial active 4) (2 cores per cpu, 2 threads per core) family 6 model 37 stepping 5, cmov, cx8, fxsr, mmx, sse, sse2, sse3, ssse3, sse4.1, sse4.2, popcnt, ht, tsc, tscinvbit

Memory: 4k page, physical 4905840k(305992k free), swap 5954416k(5764k free)

vm_info: OpenJDK 64-Bit Server VM (25.152-b01) for windows-amd64 JRE (1.8.0_152-release-1343-b01), built by "builder" with MS VC++ 10.0 (VS2010)

time: Sun May 10 15:39:09 2020
elapsed time: 5122 seconds (0d 1h 25m 22s)

